2022-08-05----

അങ്കണ തൈമാവിൽ നിന്നാദ്യത്തെ പഴം വീഴ്കെ
അമ്മതൻ നേത്രത്തിൽ നിന്നുതിർന്നൂ ചുടുകണ്ണീർ
----

2022-08-05----

ഉദാഹരണം
----

2022-08-05----

അങ്കണ തൈമാവിൽ നിന്നാദ്യത്തെ പഴം വീഴ്കെ
അമ്മതൻ നേത്രത്തിൽ നിന്നുതിർന്നൂ ചുടുകണ്ണീർ
----

2022-08-05----

അങ്കണ തൈമാവിൽ നിന്നാദ്യത്തെ പഴം വീഴ്കെ
അമ്മതൻ നേത്രത്തിൽ നിന്നുതിർന്നൂ ചുടുകണ്ണീർ
----

2022-08-05----

അങ്കണ തൈമാവിൽ നിന്നാദ്യത്തെ പഴം വീഴ്കെ
അമ്മതൻ നേത്രത്തിൽ നിന്നുതിർന്നൂ ചുടുകണ്ണീർ
----

2022-08-07----

വൃത്തം ചാരുതചേര്‍ത്തുവെച്ച കവിതാഭാഗത്തിലുള്‍ച്ചേര്‍ന്നിടും
വൃത്തത്തിന്റെ വിശേഷനാമമുടനെച്ചൊല്ലിത്തരാന്‍ പ്രാപ്തമായ്
സത്യം, നല്ലൊരു സോഫ്റ്റുവേര്‍ പണികഴിഞ്ഞെത്തുന്നതാം വാര്‍ത്ത,യെന്‍-
ചിത്തത്തിങ്കലുമദ്ഭുതാദരമഹാമോദങ്ങള്‍ തീര്‍ക്കുന്നിതാ..
----

2022-08-07----

വൃത്തം ചാരുതചേര്‍ത്തുവെച്ച കവിതാഭാഗത്തിലുള്‍ച്ചേര്‍ന്നിടും
വൃത്തത്തിന്റെ വിശേഷനാമമുടനെച്ചൊല്ലിത്തരാന്‍ പ്രാപ്തമായ്
സത്യം, നല്ലൊരു സോഫ്റ്റുവേര്‍ പണികഴിഞ്ഞെത്തുന്നതാം വാര്‍ത്ത,യെന്‍-
ചിത്തത്തിങ്കലുമദ്ഭുതാദരമഹാമോദങ്ങള്‍ തീര്‍ക്കുന്നിതാ..
----

2022-08-07----

വൃത്തം ചാരുതചേര്‍ത്തുവെച്ച കവിതാഭാഗത്തിലുള്‍ച്ചേര്‍ന്നിടും
വൃത്തത്തിന്റെ വിശേഷനാമമുടനെച്ചൊല്ലിത്തരാന്‍ പ്രാപ്തമായ്
സത്യം, നല്ലൊരു സോഫ്റ്റുവേര്‍ പണികഴിഞ്ഞെത്തുന്നതാം വാര്‍ത്ത,യെന്‍-
ചിത്തത്തിങ്കലുമദ്ഭുതാദരമഹാമോദങ്ങള്‍ തീര്‍ക്കുന്നിതാ..
----

2022-08-07----

വൃത്തം ചാരുതചേര്‍ത്തുവെച്ച കവിതാഭാഗത്തിലുള്‍ച്ചേര്‍ന്നിടും
വൃത്തത്തിന്റെ വിശേഷനാമമുടനെച്ചൊല്ലിത്തരാന്‍ പ്രാപ്തമായ്
സത്യം, നല്ലൊരു സോഫ്റ്റുവേര്‍ പണികഴിഞ്ഞെത്തുന്നതാം വാര്‍ത്ത,യെന്‍-
ചിത്തത്തിങ്കലുമദ്ഭുതാദരമഹാമോദങ്ങള്‍ തീര്‍ക്കുന്നിതാ..
----

2022-08-08----

കാള ചോന്ന കല്ലുകൊണ്ട്  കൂര
കിണറു തേവി കറ്റ തല്ലി കൂര
കാലുറച്ച കാലമത് കൂട്ടുകൂടി കോത
കാതിലോല കല്ലുമാല കൺകുളിർക്കെ കോത
കാലൊച്ച കേട്ടാലോടിയെത്തും കൊച്ചു കള്ളി കോത
----

2022-08-08----

കാള ചോന്ന കല്ലുകൊണ്ട്  കൂര
കിണറു തേവി കറ്റ തല്ലി കൂര
കാലുറച്ച കാലമത് കൂട്ടുകൂടി കോത
കാതിലോല കല്ലുമാല കൺകുളിർക്കെ കോത
കാലൊച്ച കേട്ടാലോടിയെത്തും കൊച്ചു കള്ളി കോത
----

2022-08-08----

കാള ചോന്ന കല്ലുകൊണ്ട്  കൂര
കിണറു തേവി കറ്റ തല്ലി കൂര
കാലുറച്ച കാലമത് കൂട്ടുകൂടി കോത
കാതിലോല കല്ലുമാല കൺകുളിർക്കെ കോത
കാലൊച്ച കേട്ടാലോടിയെത്തും കൊച്ചു കള്ളി കോത
----

2022-08-08----

കാള ചോന്ന കല്ലുകൊണ്ട്  കൂര
കിണറു തേവി കറ്റ തല്ലി കൂര
കാലുറച്ച കാലമത് കൂട്ടുകൂടി കോത
കാതിലോല കല്ലുമാല കൺകുളിർക്കെ കോത
കാലൊച്ച കേട്ടാലോടിയെത്തും കൊച്ചു കള്ളി കോത
----

2022-08-08----

കാള ചോന്ന കല്ലുകൊണ്ട്  കൂര
കിണറു തേവി കറ്റ തല്ലി കൂര
കാലുറച്ച കാലമത് കൂട്ടുകൂടി കോത
കാതിലോല കല്ലുമാല കൺകുളിർക്കെ കോത
കാലൊച്ച കേട്ടാലോടിയെത്തും കൊച്ചു കള്ളി കോത
----

2022-08-08----

കാള ചോന്ന കല്ലുകൊണ്ട്  കൂര
കിണറു തേവി കറ്റ തല്ലി കൂര
കാലുറച്ച കാലമത് കൂട്ടുകൂടി കോത
കാതിലോല കല്ലുമാല കൺകുളിർക്കെ കോത
കാലൊച്ച കേട്ടാലോടിയെത്തും കൊച്ചു കള്ളി കോത
----

2022-08-08----

കാള ചോന്ന കല്ലുകൊണ്ട്  കൂര
കിണറു തേവി കറ്റ തല്ലി കൂര
കാലുറച്ച കാലമത് കൂട്ടുകൂടി കോത
കാതിലോല കല്ലുമാല കൺകുളിർക്കെ കോത
കാലൊച്ച കേട്ടാലോടിയെത്തും കൊച്ചു കള്ളി കോത
----

2022-08-08----

ഉദാഹരണം
----

2022-08-08----

 പീലിക്കോലേകിടേണം തിരുമുടിയഴകില്‍ കെട്ടിവച്ചങ്ങു ചാര്‍ത്താന്‍<br>കാലിക്കോലേകിടേണം പലവഴിചിതറും പൈക്കളെച്ചേര്‍ത്തണയ്ക്കാന്‍<br>
----

2022-08-08----

 പീലിക്കോലേകിടേണം തിരുമുടിയഴകില്‍ കെട്ടിവച്ചങ്ങു ചാര്‍ത്താന്‍
കാലിക്കോലേകിടേണം പലവഴിചിതറും പൈക്കളെച്ചേര്‍ത്തണയ്ക്കാന്‍
----

2022-08-08----

ഉദാഹരണം
----

2022-08-08----

പാഞ്ചജന്യവും കൈകളിലേന്തിയ പാർത്ഥസാരഥീരൂപം നമിച്ചിടാം പാർത്ഥന്നേകിയ സാരോപദേശങ്ങൾ സാർത്ഥമാക്കുവാൻ കേട്ടുഭജിച്ചിടാം
----

2022-08-08----

പാഞ്ചജന്യവും കൈകളിലേന്തിയ പാർത്ഥസാരഥീരൂപം നമിച്ചിടാം
പാർത്ഥന്നേകിയ സാരോപദേശങ്ങൾ സാർത്ഥമാക്കുവാൻ കേട്ടുഭജിച്ചിടാം
----

2022-08-08----

പാഞ്ചജന്യവും കൈകളിലേന്തിയ പാർത്ഥസാരഥീരൂപം നമിച്ചിടാം പാർത്ഥന്നേകിയ
സാരോപദേശങ്ങൾ സാർത്ഥമാക്കുവാൻ കേട്ടുഭജിച്ചിടാം
----

2022-08-08----

പാഞ്ചജന്യവും കൈകളിലേന്തിയ
പാർത്ഥസാരഥീരൂപം നമിച്ചിടാം പാർത്ഥന്നേകിയ
സാരോപദേശങ്ങൾ സാർത്ഥമാക്കുവാൻ കേട്ടുഭജിച്ചിടാം
----

2022-08-08----

പാഞ്ചജന്യവും കൈകളിലേന്തിയ
പാർത്ഥസാരഥീരൂപം നമിച്ചിടാം
പാർത്ഥന്നേകിയ സാരോപദേശങ്ങൾ
സാർത്ഥമാക്കുവാൻ കേട്ടുഭജിച്ചിടാം
----

2022-08-08----

പാഞ്ചജന്യവും കൈകളിലേന്തിയ
പാർത്ഥസാരഥീരൂപം നമിച്ചിടാം
പാർത്ഥന്നേകിയ സാരോപദേശങ്ങൾ
സാർത്ഥമാക്കുവാൻ കേട്ടുഭജിച്ചിടാം
----

2022-08-08----

ഏറ്റുമാനൂരപ്പന്റെ ദർശനം കിട്ടാനായി-
ട്ടേറ്റവും ഭക്തിയോടെ വന്നിടാം നിൻനടയ്ക്കൽ
മാറ്റെഴും മുഖപദ്മം കണ്ടുകൂപ്പിടുന്നേരം
ചെറ്റെന്നു മറന്നീടാം നീറ്റുന്ന സങ്കടങ്ങൾ
----

2022-08-08----

ഏറ്റുമാനൂരപ്പന്റെ ദർശനം കിട്ടാനായി-
ട്ടേറ്റവും ഭക്തിയോടെ വന്നിടാം നിൻനടയ്ക്കൽ
മാറ്റെഴും മുഖപദ്മം കണ്ടുകൂപ്പിടുന്നേരം
ചെറ്റെന്നു മറന്നീടാം നീറ്റുന്ന സങ്കടങ്ങൾ
----

2022-08-08----

വില്ലണിഞ്ഞെത്തി കാട്ടാളവേഷത്തിലായ്
വല്ലഭന്നൊത്തു കാട്ടാറുകൾ താണ്ടിയും
പാർത്ഥഡംഭാറ്റുവാനമ്പുകൾ പൂക്കളായ്
തീർത്തതാമദ്രിജേ! തൃപ്പദം കുമ്പിടാം
----

2022-08-08----

താരകപ്പൂക്കളേ, നിങ്ങളീ രാത്രിയിൽ
താഴേക്കു നോക്കുവതെന്തേ?
താരാട്ടുപാടുവാനമ്മയില്ലാഞ്ഞിട്ടോ
തിങ്കളും അങ്ങു വാൻ വൈകി!
----

2022-08-08----

ഉദാഹരണം
----

2022-08-08----

 പാടൂ പാടൂ പൂങ്കുയിലേ നീ<br>പാടൂ പുതിയൊരു മധുഗാനം<br>കുളവും നദിയും കായലുമെല്ലാം<br>കരകൾ കവിഞ്ഞു തിമിർക്കുന്നൂ<br>മധുരസ്മിതമാം മലരു ചൊരിഞ്ഞും<br>മഹിമകൾ തന്നുടെ മഴ പെയ്തും<br>കാടുകൾ മേടുകളേലകളെല്ലാം<br>തേടിനടക്കുവതാരേ നീ
----

2022-08-08----

 പാടൂ പാടൂ പൂങ്കുയിലേ നീ
പാടൂ പുതിയൊരു മധുഗാനം
കുളവും നദിയും കായലുമെല്ലാം
കരകൾ കവിഞ്ഞു തിമിർക്കുന്നൂ
മധുരസ്മിതമാം മലരു ചൊരിഞ്ഞും
മഹിമകൾ തന്നുടെ മഴ പെയ്തും
കാടുകൾ മേടുകളേലകളെല്ലാം
തേടിനടക്കുവതാരേ നീ
----

2022-08-08----

ഉദാഹരണം
----

2022-08-08----

 അരുമസഖി! നീയെന്റെമാനസം കണ്ടുവോ<br>ഒരുചെറിയമോഹമൊന്നുണ്ടെന്റെഹൃത്തടേ<br>
----

2022-08-08----

 അരുമസഖി! നീയെന്റെമാനസം കണ്ടുവോ
ഒരുചെറിയമോഹമൊന്നുണ്ടെന്റെഹൃത്തടേ
----

2022-08-08----

ഉദാഹരണം
----

2022-08-08----

 പട്ടിണി രണ്ടു കിടക്കുന്നേരം<br>പട്ടികളേക്കാൾ പരവശഭാവം<br>
----

2022-08-08----

ഉദാഹരണം
----

2022-08-08----

 അധരം മധുരം വചനം മധുരം<br>മധുരാധിപതേ അഖിലം മധുരം<br>
----

2022-08-08----

 അധരം മധുരം വചനം മധുരം
മധുരാധിപതേ അഖിലം മധുരം
----

2022-08-08----

 അധരം മധുരം വചനം മധുരം
മധുരാധിപതേ അഖിലം മധുരം
----

2022-08-08----

ഉദാഹരണം
----

2022-08-08----

 കുട്ടനാടൻ പുഞ്ചയിലെ കൊച്ചുപെണ്ണേ കുയിലാളേ<br>കൊട്ടുവേണം കുഴൽ വേണം കുരവ വേണം<br>
----

2022-08-08----

 കുട്ടനാടൻ പുഞ്ചയിലെ കൊച്ചുപെണ്ണേ കുയിലാളേ
കൊട്ടുവേണം കുഴൽ വേണം കുരവ വേണം
----

2022-08-08----

ഉദാഹരണം
----

2022-08-08----

 ആദമെന്ന പിതാവിന്റെ തലയിൽ വൻമരം തന്നിൽ<br>ആദിനാഥാ കുരിശിൽ നീ തൂങ്ങിയോ പുത്രാ<br>
----

2022-08-08----

 ആദമെന്ന പിതാവിന്റെ തലയിൽ വൻമരം തന്നിൽ
ആദിനാഥാ കുരിശിൽ നീ തൂങ്ങിയോ പുത്രാ
----

2022-08-08----

ഉദാഹരണം
----

2022-08-08----

 മാവേലി നാടു വാണീടും കാലം<br>മാനുഷരെല്ലാരുമൊന്നു പോലെ<br>
----

2022-08-08----

 മാവേലി നാടു വാണീടും കാലം
മാനുഷരെല്ലാരുമൊന്നു പോലെ
----

2022-08-08----

ഉദാഹരണം
----

2022-08-08----

 നെല്ലറയായുള്ള കുട്ടനാട്ടിൽ<br>നേപ്പാളനരി വന്നു കഞ്ഞി വീഴ്ത്തി<br>
----

2022-08-08----

 നെല്ലറയായുള്ള കുട്ടനാട്ടിൽ
നേപ്പാളനരി വന്നു കഞ്ഞി വീഴ്ത്തി
----

2022-08-08----

ഉദാഹരണം
----

2022-08-08----

 കണ്മണിയെ കാണുവാനായി കണ്‍ കൊതിച്ചുപോയി<br>കണ്ണുകളാൽ ഖൽബുകളിൽ കല്ലെറിയുന്നോളേ<br>അന്നൊരു നാളമ്പിളി മാമൻ വമ്പനായി വന്നു<br>വന്നു നിന്നെ കണ്ടതോടെ അമ്പരന്നു നിന്നു<br>
----

2022-08-08----

 കണ്മണിയെ കാണുവാനായി കണ്‍ കൊതിച്ചുപോയി
കണ്ണുകളാൽ ഖൽബുകളിൽ കല്ലെറിയുന്നോളേ
അന്നൊരു നാളമ്പിളി മാമൻ വമ്പനായി വന്നു
വന്നു നിന്നെ കണ്ടതോടെ അമ്പരന്നു നിന്നു
----

2022-08-08----

ഉദാഹരണം
----

2022-08-08----

 അരുമസഖി! നീയെന്റെമാനസം കണ്ടുവോ<br>ഒരുചെറിയമോഹമൊന്നുണ്ടെന്റെഹൃത്തടേ<br>
----

2022-08-08----

 അരുമസഖി! നീയെന്റെമാനസം കണ്ടുവോ
ഒരുചെറിയമോഹമൊന്നുണ്ടെന്റെഹൃത്തടേ
----

2022-08-08----

ഉദാഹരണം
----

2022-08-08----

 തമ്പുരാട്ടിചെന്താരുള്ളംകൈയു നോ/ക്കി/ടട്ടെ<br>എമ്പുരാനെക്കൂപ്പി നേരു സർവ്വമോ/തീ/ടട്ടെ:<br>ഏറെനാളായ് തമ്പുരാട്ടിക്കുള്ളിലുള്ള /താ/പം<br>തീരുമാറായ് സൗഖ്യമാർന്നു വാഴുമാറാ/യ്/ത്തീരും<br>ആയതിന്നു മുമ്പിലെന്നാലൊട്ടപായ/മെ/ല്ലാം<br>മായമെന്ന്യേ കാണ്മതുണ്ടിക്കൈയിലിക്കു/റ/ത്തി<br>
----

2022-08-08----

 തമ്പുരാട്ടിചെന്താരുള്ളംകൈയു നോ/ക്കി/ടട്ടെ
എമ്പുരാനെക്കൂപ്പി നേരു സർവ്വമോ/തീ/ടട്ടെ:
ഏറെനാളായ് തമ്പുരാട്ടിക്കുള്ളിലുള്ള /താ/പം
തീരുമാറായ് സൗഖ്യമാർന്നു വാഴുമാറാ/യ്/ത്തീരും
ആയതിന്നു മുമ്പിലെന്നാലൊട്ടപായ/മെ/ല്ലാം
മായമെന്ന്യേ കാണ്മതുണ്ടിക്കൈയിലിക്കു/റ/ത്തി
----

2022-08-08----

ഉദാഹരണം
----

2022-08-08----

 അച്ചുതം കേശവം രാമനാരായണം<br>
----

2022-08-08----

 അച്ചുതം കേശവം രാമനാരായണം
----

2022-08-08----

ഉദാഹരണം
----

2022-08-08----

 അച്ചുതം കേശവം രാമനാരായണം<br>
----

2022-08-08----

 അച്ചുതം കേശവം രാമനാരായണം
----

2022-08-08----

ഉദാഹരണം
----

2022-08-08----

 ശാന്താ കാരം ഭുജഗ ശയനം പദ്മനാഭം സുരേശം<br>
----

2022-08-08----

 ശാന്താ കാരം ഭുജഗ ശയനം പദ്മനാഭം സുരേശം
----

2022-08-08----

 ശാന്താ കാരം ഭുജഗ ശയനം പദ്മനാഭം സുരേശം
----

2022-08-08----

ഉദാഹരണം
----

2022-08-08----

 മുദാകരാത്ത മോദകം സദാവിമുക്തിസാധകം<br>കലാധരാവദംസകം വിലാസി ലോക രക്ഷകം<br>
----

2022-08-08----

 മുദാകരാത്ത മോദകം സദാവിമുക്തിസാധകം
കലാധരാവദംസകം വിലാസി ലോക രക്ഷകം
----

2022-08-08----

ഉദാഹരണം
----

2022-08-08----

 എസ്കേപ്പിസ്റ്റുകളുണ്ടു രണ്ടു തരമാണക്കൂട്ടരെൻ തോഴരേ!<br>
----

2022-08-08----

 എസ്കേപ്പിസ്റ്റുകളുണ്ടു രണ്ടു തരമാണക്കൂട്ടരെൻ തോഴരേ!
----

2022-08-08----

ഉദാഹരണം
----

2022-08-08----

 താതനിയോഗം ശുഭകരമാകാൻ<br>കാനനവാസം തുടരുകയായി.<br>
----

2022-08-08----

 താതനിയോഗം ശുഭകരമാകാൻ
കാനനവാസം തുടരുകയായി.
----

2022-08-08----

ഉദാഹരണം
----

2022-08-08----

 നിരന്നപീലിതിരുമുടിക്കെട്ടിൽ <br>നിശാസുഗന്ധിപ്പൂക്കൾചൂടി<br>
----

2022-08-08----

 നിരന്നപീലിതിരുമുടിക്കെട്ടിൽ
നിശാസുഗന്ധിപ്പൂക്കൾചൂടി
----

2022-08-08----

ഉദാഹരണം
----

2022-08-08----

 കേട്ടീലയോ കിഞ്ചന വർത്തമാനം<br>
----

2022-08-08----

 കേട്ടീലയോ കിഞ്ചന വർത്തമാനം
----

2022-08-08----

ഉദാഹരണം
----

2022-08-08----

 മാണിക്യവീണാമുപലാളയന്തീം<br>മദാലസാം മഞ്ജുള വാഗ്വിലാസാം<br>
----

2022-08-08----

 മാണിക്യവീണാമുപലാളയന്തീം
മദാലസാം മഞ്ജുള വാഗ്വിലാസാം
----

2022-08-08----

ഉദാഹരണം
----

2022-08-08----

 പഞ്ചാര പാലൊത്തൊരു മേളമല്ലോ<br>
----

2022-08-08----

 പഞ്ചാര പാലൊത്തൊരു മേളമല്ലോ
----

2022-08-08----

ഉദാഹരണം
----

2022-08-08----

 പഞ്ചാര പാലൊത്തൊരു മേളമല്ലോ
----

2022-08-08----

ഉദാഹരണം
----

2022-08-08----

 കുഞ്ചന്റെ തുള്ളൽ ക്കവിതാ പ്രബന്ധം<br>
----

2022-08-08----

 കുഞ്ചന്റെ തുള്ളൽ ക്കവിതാ പ്രബന്ധം
----

2022-08-08----

ഉദാഹരണം
----

2022-08-08----

 ബസ്സിൽ കടന്നാലൊരു ചുറ്റിനോട്ടം<br>
----

2022-08-08----

 ബസ്സിൽ കടന്നാലൊരു ചുറ്റിനോട്ടം
----

2022-08-08----

ഉദാഹരണം
----

2022-08-08----

 മലയാളികളെത്രയോ ജനം<br>
----

2022-08-08----

 മലയാളികളെത്രയോ ജനം
----

2022-08-08----

ഉദാഹരണം
----

2022-08-08----

 മലനാട്ടിന്നഭിമാന മേറ്റിയോർ<br>
----

2022-08-08----

 മലനാട്ടിന്നഭിമാന മേറ്റിയോർ
----

2022-08-08----

ഉദാഹരണം
----

2022-08-08----

 വശ്യമായ ചിരിതൂകിനിന്നിടും<br>
----

2022-08-08----

 വശ്യമായ ചിരിതൂകിനിന്നിടും
----

2022-08-08----

ഉദാഹരണം
----

2022-08-08----

 വെണ്ണകട്ടുനുണയുവാനുമെത്തിടും<br>
----

2022-08-08----

 വെണ്ണകട്ടുനുണയുവാനുമെത്തിടും
----

2022-08-08----

ഉദാഹരണം
----

2022-08-08----

 പ്രഭുംപ്രാണനാഥം വിഭുംവിശ്വനാഥം<br>ജഗന്നാഥനാഥം സദാനന്ദഭാജം<br>
----

2022-08-08----

 പ്രഭുംപ്രാണനാഥം വിഭുംവിശ്വനാഥം
ജഗന്നാഥനാഥം സദാനന്ദഭാജം
----

2022-08-08----

ഉദാഹരണം
----

2022-08-08----

 ചിലർക്കിന്നു കാവ്യം വെറും ശബ്ദജാലം<br>ചിലർക്കോ കടു കട്ടിയാം രൂപശില്പം<br>
----

2022-08-08----

 ചിലർക്കിന്നു കാവ്യം വെറും ശബ്ദജാലം
ചിലർക്കോ കടു കട്ടിയാം രൂപശില്പം
----

2022-08-08----

ഉദാഹരണം
----

2022-08-08----

 ശരണാഗതരായണയുംസുതരിൽ<br>കരുണാമയനായഭയം ചൊരിയൂ!<br>
----

2022-08-08----

 ശരണാഗതരായണയുംസുതരിൽ
കരുണാമയനായഭയം ചൊരിയൂ!
----

2022-08-08----

ഉദാഹരണം
----

2022-08-08----

 ശരണമറ്റ ജനങ്ങളിലിത്തിരി<br>കരുണകാട്ടുക നായകലക്ഷണം<br>
----

2022-08-08----

 ശരണമറ്റ ജനങ്ങളിലിത്തിരി
കരുണകാട്ടുക നായകലക്ഷണം
----

2022-08-08----

ഉദാഹരണം
----

2022-08-08----

 ചായയ്ക്ക് ചൂടു വട കൂടിയകമ്പടിക്കു<br>കൂടുമ്പൊഴുള്ള രസമൊന്നു വിശേഷമല്ലോ<br>
----

2022-08-08----

 ചായയ്ക്ക് ചൂടു വട കൂടിയകമ്പടിക്കു
കൂടുമ്പൊഴുള്ള രസമൊന്നു വിശേഷമല്ലോ
----

2022-08-08----

ഉദാഹരണം
----

2022-08-08----

 കലയുടെ കളിവീടാം കേരളത്തിന്റെ മണ്ണിൽ<br>കഥകളി തിരിനീട്ടി തുള്ളലുള്ളം തെളിച്ചൂ<br>
----

2022-08-08----

 കലയുടെ കളിവീടാം കേരളത്തിന്റെ മണ്ണിൽ
കഥകളി തിരിനീട്ടി തുള്ളലുള്ളം തെളിച്ചൂ
----

2022-08-08----

ഉദാഹരണം
----

2022-08-08----

 മുദാകരാത്ത മോദകം സദാവിമുക്തിസാധകം<br>കലാധരാവദംസകം വിലാസി ലോക രക്ഷകം<br>
----

2022-08-08----

 മുദാകരാത്ത മോദകം സദാവിമുക്തിസാധകം
കലാധരാവദംസകം വിലാസി ലോക രക്ഷകം
----

2022-08-08----

ഉദാഹരണം
----

2022-08-08----

 ഒഴിഞ്ഞപാടമൊക്കെയുംനികത്തിഞാന്പടുത്തിടു-<br>ന്നുയര്ന്നദന്തഗോപുരങ്ങളെത്രയോമനോഹരം<br>
----

2022-08-08----

 ഒഴിഞ്ഞപാടമൊക്കെയുംനികത്തിഞാന്പടുത്തിടു-
ന്നുയര്ന്നദന്തഗോപുരങ്ങളെത്രയോമനോഹരം
----

2022-08-08----

ഉദാഹരണം
----

2022-08-08----

 ശാന്താ കാരം ഭുജഗ ശയനം പദ്മനാഭം സുരേശം<br>
----

2022-08-08----

 ശാന്താ കാരം ഭുജഗ ശയനം പദ്മനാഭം സുരേശം
----

2022-08-08----

ഉദാഹരണം
----

2022-08-08----

 എസ്കേപ്പിസ്റ്റുകളുണ്ടു രണ്ടു തരമാണക്കൂട്ടരെൻ തോഴരേ!<br>
----

2022-08-08----

 എസ്കേപ്പിസ്റ്റുകളുണ്ടു രണ്ടു തരമാണക്കൂട്ടരെൻ തോഴരേ!
----

2022-08-08----

ഉദാഹരണം
----

2022-08-08----

 എസ്കേപ്പിസ്റ്റുകളുണ്ടു രണ്ടു തരമാണക്കൂട്ടരെൻ തോഴരേ!<br>
----

2022-08-08----

 എസ്കേപ്പിസ്റ്റുകളുണ്ടു രണ്ടു തരമാണക്കൂട്ടരെൻ തോഴരേ!
----

2022-08-08----

ഉദാഹരണം
----

2022-08-08----

 അന്തിക്കൂട്ടിലണഞ്ഞിരുന്നു ചോലയിൽ-<br>കുറുകും പ്രാവിൻ സ്വരം<br>
----

2022-08-08----

 അന്തിക്കൂട്ടിലണഞ്ഞിരുന്നു ചോലയിൽ-
കുറുകും പ്രാവിൻ സ്വരം
----

2022-08-08----

ഉദാഹരണം
----

2022-08-08----

 ചന്തം നോക്കിയിരുന്നുപോയ കിളിതൻ<br>കാണാത്ത സംഗീതവും പാടില്ലെന്നു പറഞ്ഞുകൂട നിയതം <br>
----

2022-08-08----

 ചന്തം നോക്കിയിരുന്നുപോയ കിളിതൻ
കാണാത്ത സംഗീതവും പാടില്ലെന്നു പറഞ്ഞുകൂട നിയതം
----

2022-08-08----

 ചന്തം നോക്കിയിരുന്നുപോയ കിളിതൻ കാണാത്ത
സംഗീതവും പാടില്ലെന്നു പറഞ്ഞുകൂട നിയതം
----

2022-08-08----

ഉദാഹരണം
----

2022-08-08----

 പീലിക്കോലേകിടേണം തിരുമുടിയഴകില്‍ കെട്ടിവച്ചങ്ങു ചാര്‍ത്താന്‍<br>കാലിക്കോലേകിടേണം പലവഴിചിതറും പൈക്കളെച്ചേര്‍ത്തണയ്ക്കാന്‍<br>
----

2022-08-08----

 പീലിക്കോലേകിടേണം തിരുമുടിയഴകില്‍ കെട്ടിവച്ചങ്ങു ചാര്‍ത്താന്‍
കാലിക്കോലേകിടേണം പലവഴിചിതറും പൈക്കളെച്ചേര്‍ത്തണയ്ക്കാന്‍
----

2022-08-08----

ഉദാഹരണം
----

2022-08-08----

 പേമാരി പെയ്തും മലയാളനാടിനേ<br>പാടേ മുടിച്ചും പ്രളയം തിമിർക്കവേ<br>
----

2022-08-08----

 പേമാരി പെയ്തും മലയാളനാടിനേ
പാടേ മുടിച്ചും പ്രളയം തിമിർക്കവേ
----

2022-08-08----

ഉദാഹരണം
----

2022-08-08----

 പീലി ചാർത്തിയൊരു കുന്തളം <br>വടിവിലാടിടും മകരകുണ്ഡലം<br>
----

2022-08-08----

 പീലി ചാർത്തിയൊരു കുന്തളം
വടിവിലാടിടും മകരകുണ്ഡലം
----

2022-08-08----

ഉദാഹരണം
----

2022-08-08----

 രാഗവതീ നിൻമോഹനഗാനം<br>കേട്ടുമയങ്ങാൻ മോഹമെനിക്കും<br>
----

2022-08-08----

 രാഗവതീ നിൻമോഹനഗാനം
കേട്ടുമയങ്ങാൻ മോഹമെനിക്കും
----

2022-08-08----

 രാഗവതീ ആ മോഹനഗാനം
കേട്ടുമയങ്ങാൻ മോഹമെനിക്കും
----

2022-08-08----

ഉദാഹരണം
----

2022-08-08----

 കർക്കടകംവരവായതിവർഷം<br>പെയ്യുകയാണൊരുതുള്ളികണക്കേ<br>
----

2022-08-08----

 കർക്കടകംവരവായതിവർഷം
പെയ്യുകയാണൊരുതുള്ളികണക്കേ
----

2022-08-08----

 കർക്കടകംവരവായതിവാർഷം
പെയ്യുകയാണൊരുതുള്ളികണക്കേ
----

2022-08-08----

ഉദാഹരണം
----

2022-08-08----

 താതനിയോഗം ശുഭകരമാകാൻ<br>കാനനവാസം തുടരുകയായി.<br>
----

2022-08-08----

 താതനിയോഗം ശുഭകരമാകാൻ
കാനനവാസം തുടരുകയായി.
----

2022-08-08----

ഉദാഹരണം
----

2022-08-08----

 കരിമുകിലൊളിയിൽത്തെളിയുംവദനം<br>മമ മനതളിരിൽ കരുണാകിരണം<br>
----

2022-08-08----

 കരിമുകിലൊളിയിൽത്തെളിയുംവദനം
മമ മനതളിരിൽ കരുണാകിരണം
----

2022-08-08----

ഉദാഹരണം
----

2022-08-08----

 പാടം പൂത്തെടി കുയിലാളേ<br>പാടൂ നീയൊരു മധുഗാനം<br>
----

2022-08-08----

 പാടം പൂത്തെടി കുയിലാളേ
പാടൂ നീയൊരു മധുഗാനം
----

2022-08-08----

ഉദാഹരണം
----

2022-08-08----

 പൊന്നുമിന്നു മിന്നുമെന്നു<br>ചെന്നുനിന്നു ചൊന്നു ചിന്നു<br>
----

2022-08-08----

 പൊന്നുമിന്നു മിന്നുമെന്നു
ചെന്നുനിന്നു ചൊന്നു ചിന്നു
----

2022-08-08----

ഉദാഹരണം
----

2022-08-08----

 വിദേശത്തു മാന്യന് സ്വദേശത്തു ധന്യന്<br>സദാചാരവൃത്ത്യാ നടക്കും മനുഷ്യന്<br>
----

2022-08-08----

 വിദേശത്തു മാന്യന് സ്വദേശത്തു ധന്യന്
സദാചാരവൃത്ത്യാ നടക്കും മനുഷ്യന്
----

2022-08-08----

ഉദാഹരണം
----

2022-08-08----

 കടല് കാറ്റു വീശും നമുക്കായി ഭൂവില്<br>മഴക്കാറു വിണ്ണില് വരും വര്ഷമേകാന്<br>
----

2022-08-08----

 കടല് കാറ്റു വീശും നമുക്കായി ഭൂവില്
മഴക്കാറു വിണ്ണില് വരും വര്ഷമേകാന്
----

2022-08-08----

കടൽക്കാറ്റു വീശും നമുക്കായി ഭൂവില്
മഴക്കാറു വിണ്ണില് വരും വര്ഷമേകാന്
----

2022-08-08----

കടൽക്കാറ്റു വീശും നമുക്കായി ഭൂവില്
മഴക്കാറു വിണ്ണില് വരും വര്ഷമേകാന്
----

2022-08-08----

കടൽക്കാറ്റു വീശും നമുക്കായി ഭൂവിൽ
മഴക്കാറു വിണ്ണിൽ വരും വര്ഷമേകാൻ
----

2022-08-08----

കടൽക്കാറ്റു വീശും നമുക്കായി ഭൂവിൽ
മഴക്കാറു വിണ്ണിൽ വരും വർഷമേകാൻ
----

2022-08-08----

ഉദാഹരണം
----

2022-08-08----

 കിലദ്ദേവഗോത്രം കനദ്ധേമഗാത്രം<br>സദാനന്ദമാത്രം മഹാഭക്തമിത്രം<br>
----

2022-08-08----

 കിലദ്ദേവഗോത്രം കനദ്ധേമഗാത്രം
സദാനന്ദമാത്രം മഹാഭക്തമിത്രം
----

2022-08-08----

 കിലദ്ദേവഗോത്രം കനദ്ധേമഗാത്രം
സദാനന്ദമാത്രം മഹാഭക്തമിത്രം
----

2022-08-08----

ഉദാഹരണം
----

2022-08-08----

കീലദ്ദേവഗോത്രം കനദ്ധേമഗാത്രം
ദാദനന്ദമാത്രം മഹാഭക്തമിത്രം
----

2022-08-08----

കീലദ്ദേവഗോത്രം കനദ്ധേമഗാത്രം
ദാദനന്ദമാത്രം മഹാഭക്തമിത്രം
----

2022-08-08----

കീലദ്ദേവഗോത്രം കനദ്ധേമഗാത്രം
ദാദനന്ദമാത്രം മഹാഭക്തമിത്രം
----

2022-08-08----

കീലദ്ദേവഗോത്രം കനദ്ധേമഗാത്രം
ദാദനന്ദമാത്രം മഹാഭക്തമിത്രം
----

2022-08-08----

ഉദാഹരണം
----

2022-08-08----

 നമസ്തേ നമസ്തേ ജഗന്നാഥ വിഷ്ണോ<br>നമസ്തേ നമസ്തേ ഗദാചക്രപാണേ
----

2022-08-08----

 നമസ്തേ നമസ്തേ ജഗന്നാഥ വിഷ്ണോ
നമസ്തേ നമസ്തേ ഗദാചക്രപാണേ
----

2022-08-08----

ഉദാഹരണം
----

2022-08-08----

മാവേലിക്കും മാതേവർക്കും തിരുവോണസദ്യയൂട്ടാം
മാളോരെത്തും കല്യാണങ്ങൾ കെങ്കേമമാക്കാം
മേടപ്പൊന്നിൻ വിഷുനാളിൽ പൊൻകണികണ്ടുണർന്നാലും
മോടിയാക്കാനൊരുനല്ല സദ്യയുണ്ണേണം
----

2022-08-08----

പണ്ടൊരു നാളിലീ പാഴ് മരുഭൂമിയിൽ
പൊന്നണിപ്പൂവനം തിങ്ങിനിന്നൂ
അന്നത്തെ യോർക്ക് പിന്നെന്താ ലിൽ
കുന്നോളം നൊമ്പരച്ചിന്തുണർത്തീ
----

2022-08-08----

ശ്രാവണം വന്നുവോ പൂന്തെന്നലേ
മാവേലിമന്നന്റെ പേരുണ്ടോ
ശംഖൊലിനാദം നീ കേട്ടീലയോ
സ്വാഗതമോതിയോ ചിങ്ങമാസം
----

2022-08-08----

ഒരുമിച്ചു ജീവിതത്തോണി തുടരുവാൻ
ഒരുപാടുകാലം നാം കാത്തിരുന്നു
ഒടുവിലാണ് നീയെൻ കരം പിടിച്ചീടവേ
ഇരുനൂറു സ്വപ്നങ്ങൾ പൂവണിഞ്ഞു.
----

2022-08-08----

കുങ്കുമരാഗപരാഗം കണ്ണിൽ
ചന്ദനലേപസുഗന്ധം മെയ്യിൽ
നിന്നനുരാഗം പൂത്തുവിടർന്നാൽ
കാണാമുള്ളിൽ പുളകപ്പൂക്കൾ
----

2022-08-08----

മഴയുടെ താളം കേൾക്കുന്നേരം
ധരയുടെ മനവും തുള്ളീ
മലയുടെ മാറിൽ വീഴും തുള്ളി
പുതിയൊരു ഭാവം നല്കീ
----

2022-08-08----

താമരക്കുയിൽ പാടുന്നു ദൂരേ
താളത്തിൽ പാടീ പൂങ്കാറ്റും
താരമ്പൻകൊട്ടും മേളത്തിലാടീ
തൂമുല്ലപ്പൂക്കൾ സാമോദം
----

2022-08-08----

കുറുനിരകൾ മാടിവിളിക്കും
തരിവളകൾചേർന്നു ലഭിച്ചു
ഹൃദയേശ്വരി നർത്തനമാടും
വേദിയിൽ നാദമുണർന്നു
----

2022-08-08----

ഭൂമിയും വായുവും സംഗമം ചെയ്യുന്ന
ധരണിയിതിലൊളിവിതറി കതിരവനുദിച്ചൂ
വന്ദനം നേരുന്നു പ്രത്യൂഷപുഷ്പവും
സുമനമിതുകവരുമൊരു സുഖദമണമോടേ
----

2022-08-08----

വാസന്തരിവിലൊളിവീശും നഭസ്സിലുഡു
ചേതോഹരം, സുഖദഹർഷം തരുന്ന നിശ
രാഗാർദ്രഭാവമൊടു കേസിൽ സുമംഗലിക-
പാടുന്ന വേളയിനി സംഗീതസാന്ദ്രമിഹ
----

2022-08-08----

മൂകാംബികേ! ദേവി! നിത്യം ഭജിക്കാം
ഓംകാരനാദാത്മികേ! കാർത്തികേയൻ
അമ്മേ! ചതുർവേദമന്താക്ഷരത്താൽ
ചെമ്മേ ചൊരിഞ്ഞീടു വർണ്ണപ്രസാദം
----

2022-08-08----

ശശികിരണമൊളിവിതറുമാവണിപ്പൂവനം
കാത്തുനില്പുവതിൻ ചാരെയാ കാമിനി
വദനമതു നിറയുമൊരു കദനരസമാകവേ-
യിത്രമേൽ ചാരുതയിന്നവൾക്കേകിയോ
----

2022-08-08----

അനിതരമഴകോലും പൈതലിൻ പുഞ്ചിരി
സുരഭിലകുസുമങ്ങൾ പൂത്തൊരു പൂവാടി,
ഇവതരുമൊരാനന്ദസൗഭാഗ്യജീവിതം
സുഖദതര സുന്ദരസ്വപ്നമോ പ്രേയസീ
----

2022-08-08----

മധുരതരമോർമ്മകൾ നിറയുമൊരു മാനസം
നുണയുമതിലൂറും മധുകണം സഹർഷം
വിരഹമതുനല്കുമീ പ്രണയരസമെന്നിലും
ചൊരിയും തൊടാറില്ല മലരുകൾ നിത്യവും
----

2022-08-08----

കടമ്പുപൂക്കും താലവനത്തിൽ
കുറുമ്പുകാട്ടീ കളിയാടിയതും
മറച്ചുവച്ചൊരു ചേലത്തുമ്പും
മറക്കുവതെങ്ങനെ വനമാലീ
----

2022-08-08----

തിരിഞ്ഞു നോക്കിയാലെനിക്കുമോഹമൊന്നേ
തിരിച്ചുകിട്ടും മോശെ നിക്കും ബാല്യകാലം
മറക്കുവാനാവതില്ല പോയകാലമേ
മഞ്ഞുപോലെ ന്നു ഞാനുമോർത്തിരിപ്പൂ
----

2022-08-08----

തെളിഞ്ഞു താരകൾ നഭസ്സിലാകവേ
ഉദിച്ചുവമ്പിളിക്കലയുമന്തികേ
പരന്നു പൂനിലാവെളിച്ചമിമ്പമായ്
വിടർന്നിതാ നിശാസുമങ്ങളൊക്കയും
----

2022-08-08----

കൂരിരുട്ടിലൊളിതാരദീപമായ്
ഭൂരിമോദമൊടു കാവലാകണം
പാരിതിൽ തവ കടാക്ഷരശ്മിയാൽ
നേരിടാമഘമതേതുതന്നെയും.
----

2022-08-08----

ഇഹബന്ധമകന്ന ജീവനിൽ
ജനിമോക്ഷം ചൊരിയേണമേ ഹരേ
ക്ഷണഭംഗുരജീവിതത്തിലും
തുണയേകാനണയേണമന്തരേ
----

2022-08-08----

ജലനിധിയിലമർന്നും നാഗശയ്യാതലത്തിൽ
ജലധരനിറമോലും  പദ്മനാഭൻ വസിപ്പൂ
ത്രിഭുവനമഖിലം നിൻകാല്ക്കലല്ലോ ലസിപ്പൂ
ശുഭവരമരുളേണം വിഷ്ണുനാരായണാ! നീ
----

2022-08-08----

രാമായണപാരായണമേകും ഹൃദി പുണ്യം
കാമാന്തകനാകും രഘുരാമന്റെ ചരിത്രം
പാരാതെ ജപിച്ചീടണമദ്ധ്യാത്മികകാവ്യം
പാരത്രിക സൗഖ്യംതരുമാത്മപ്രഭയേകും
----

2022-08-08----

അനന്തനാഗശയ്യയിൽ വിരാജിതം മുദാകരം
അനന്തപദ്മനാഭപാദപങ്കജം നമിച്ചിടാം.
ചതുർഭുജത്തിലാഭചാർത്തിടുന്ന ഭൂഷയൊക്കെയും
തെളിഞ്ഞിടേണമെന്മനസ്സിലെന്നുമെന്നുമേ,ഹരേ!
----

2022-08-08----

സരസിജനയനൻ പ്രപഞ്ചനാഥൻ
നരപരിപാലകനായണഞ്ഞു മന്നിൽ
രവികുലമതിലായ് പുനർജ്ജനിച്ചു
ഭവനദിതാരണപോതമായ് ഭവിച്ചു
----

2022-08-08----

തരുണാരുണമാം മുഖപങ്കജവും
കരുണാമയമാം നയനോല്പലവും
കണികാണുവതിന്നണയൂ നികടേ
ഹൃദി വാണിടണേ കപിപുംഗവനേ!
----

2022-08-08----

രാ മായാനനിശം ഗുണപ്രദമതാമദ്ധ്യാത്മരാമായണം
സമ്മോദം രഘുരാമചന്ദ്രചരിതം കേൾക്കേണമാദ്യന്തവും,
ഓമൽപ്പൈങ്കിളിയാളൊഴുക്കിയസുധാവേദാന്തസാരത്തിനാൽ
ഹോമിക്കാമിഹപാപപങ്കമഖിലം, ശ്രീ രാമദേവോ നമഃ!
----

2022-08-08----

ക്ഷീരാബ്ധീശാ! നളിനകുസുമം,ശംഖ,ചക്രങ്ങളോടേ
പാരിൽ രക്ഷാകവചമരുളും          ശേഷശായീ! തൊഴുന്നേൻ ,
ആരാധിക്കാം ഭവഭയഹരം തന്നിടുംവിശ്വരൂപം,
സ്മേരം തൂകും കമലവദനം ശ്യാമവർണ്ണാ! നമിപ്പൂ!
----

2022-08-08----

നിനയ്ക്കുമ്പൊഴെല്ലാമടുത്തെത്തുമല്ലോ
മനക്കണ്ണിലാനന്ദബാഷ്പം നിറയ്ക്കും.
കനക്കേടു മാറ്റാനെനിക്കാശ്രയം നീ
മനസ്സിൽ നമിപ്പൂ മുകുന്ദാ! മുരാരേ!
----

2022-08-08----

വർഷകാലമണഞ്ഞു, കർക്കടകത്തിലേറിടുമാമയം
കർഷകർക്കൊരു വേല ചെയ്വതിനാവതില്ലിനി മാരിയിൽ
ദുർഘടങ്ങളുമേറെവന്നു ഭവിച്ചിടുന്നൊരു, കാലമായ്
സങ്കടങ്ങളകറ്റുവാൻ രഘുരാമമന്ത്രമൊരാശ്രയം
----

2022-08-08----

അങ്കണ തൈമാവിൽ നിന്നാദ്യത്തെ പഴം വീഴ്കെ
അമ്മതൻ നേത്രത്തിൽ നിന്നുതിർന്നൂ ചുടുകണ്ണീർ
----

2022-08-08----

ഉദാഹരണം
----

2022-08-08----

അങ്കണ തൈമാവിൽ നിന്നാദ്യത്തെ പഴം വീഴ്കെ
അമ്മതൻ നേത്രത്തിൽ നിന്നുതിർന്നൂ ചുടുകണ്ണീർ
----

2022-08-08----

അങ്കണ തൈമാവിൽ നിന്നാദ്യത്തെ പഴം വീഴ്കെ
അമ്മതൻ നേത്രത്തിൽ നിന്നുതിർന്നൂ ചുടുകണ്ണീർ
----

2022-08-08----

അങ്കണ തൈമാവിൽ നിന്നാദ്യത്തെ പഴം വീഴ്കെ
അമ്മതൻ നേത്രത്തിൽ നിന്നുതിർന്നൂ ചുടുകണ്ണീർ
----

2022-08-08----

അങ്കണ തൈമാവിൽ നിന്നാദ്യത്തെ പഴം വീഴ്കെ
അമ്മതൻ നേത്രത്തിൽ നിന്നുതിർന്നൂ ചുടുകണ്ണീർ
----

2022-08-08----

ഉദാഹരണം
----

2022-08-08----

 ഏറ്റുമാനൂരപ്പന്റെ ദർശനം കിട്ടാനായി-<br>ട്ടേറ്റവും ഭക്തിയോടെ വന്നിടാം നിൻനടയ്ക്കൽ<br>മാറ്റെഴും മുഖപദ്മം കണ്ടുകൂപ്പിടുന്നേരം<br>ചെറ്റെന്നു മറന്നീടാം നീറ്റുന്ന സങ്കടങ്ങൾ<br>
----

2022-08-08----

 ഏറ്റുമാനൂരപ്പന്റെ ദർശനം കിട്ടാനായി-
ട്ടേറ്റവും ഭക്തിയോടെ വന്നിടാം നിൻനടയ്ക്കൽ
മാറ്റെഴും മുഖപദ്മം കണ്ടുകൂപ്പിടുന്നേരം
ചെറ്റെന്നു മറന്നീടാം നീറ്റുന്ന സങ്കടങ്ങൾ
----

2022-08-08----

 ഏറ്റുമാനൂരപ്പന്റെ ദർശനം കിട്ടാനായി-
ട്ടേറ്റവും ഭക്തിയോടെ വന്നിടാം നിൻനടയ്ക്കൽ
മാറ്റെഴും മുഖപദ്മം കണ്ടുകൂപ്പിടുന്നേരം
ചെറ്റെന്നു മറന്നീടാം നീറ്റുന്ന സങ്കടങ്ങൾ
----

2022-08-08----

ഏറ്റുമാനൂരപ്പന്റെ ദർശനം കിട്ടാനായി-
ട്ടേറ്റവും ഭക്തിയോടെ വന്നിടാം നിൻനടയ്ക്കൽ
മാറ്റെഴും മുഖപദ്മം കണ്ടുകൂപ്പിടുന്നേരം
ചെറ്റെന്നു മറന്നീടാം നീറ്റുന്ന സങ്കടങ്ങൾ
----

2022-08-08----

ഏറ്റുമാനൂരപ്പന്റെ ദർശനം കിട്ടാനായി-
ട്ടേറ്റവും ഭക്തിയോടെ വന്നിടാം നിൻനടയ്ക്കൽ
മാറ്റെഴും മുഖപദ്മം കണ്ടുകൂപ്പിടുന്നേരം
ചെറ്റെന്നു മറന്നീടാം നീറ്റുന്ന സങ്കടങ്ങൾ
----

2022-08-08----

ഏറ്റുമാനൂരപ്പന്റെ ദർശനം കിട്ടാനായി-
ട്ടേറ്റവും ഭക്തിയോടെ വന്നിടാം നിൻനടയ്ക്കൽ
മാറ്റെഴും മുഖപദ്മം കണ്ടുകൂപ്പിടുന്നേരം
ചെറ്റെന്നു മറന്നീടാം നീറ്റുന്ന സങ്കടങ്ങൾ
----

2022-08-08----

ഏറ്റുമാനൂരപ്പന്റെ ദർശനം കിട്ടാനായി-
ട്ടേറ്റവും ഭക്തിയോടെ വന്നിടാം നിൻനടയ്ക്കൽ
മാറ്റെഴും മുഖപദ്മം കണ്ടുകൂപ്പിടുന്നേരം
ചെറ്റെന്നു മറന്നീടാം നീറ്റുന്ന സങ്കടങ്ങൾ
----

2022-08-08----

ഏറ്റുമാനൂരപ്പന്റെ ദർശനം കിട്ടാനായി-
----

2022-08-08----

 ഏറ്റുമാനൂരപ്പന്റെ ദർശനം കിട്ടാനായി-<br>ട്ടേറ്റവും ഭക്തിയോടെ വന്നിടാം നിൻനടയ്ക്കൽ<br>മാറ്റെഴും മുഖപദ്മം കണ്ടുകൂപ്പിടുന്നേരം<br>ചെറ്റെന്നു മറന്നീടാം നീറ്റുന്ന സങ്കടങ്ങൾ<br>
----

2022-08-08----

 ഏറ്റുമാനൂരപ്പന്റെ ദർശനം കിട്ടാനായി-
ട്ടേറ്റവും ഭക്തിയോടെ വന്നിടാം നിൻനടയ്ക്കൽ
----

2022-08-08----

 ഏറ്റുമാനൂരപ്പന്റെ ദർശനം കിട്ടാനായി-
ട്ടേറ്റവും ഭക്തിയോടെ വന്നിടാം നിൻനടയ്ക്കൽ
----

2022-08-08----

ഏറ്റുമാനൂരപ്പന്റെ ദർശനം കിട്ടാനായി-
----

2022-08-08----

 ഏറ്റുമാനൂരപ്പന്റെ ദർശനം കിട്ടാനായി-<br>ട്ടേറ്റവും ഭക്തിയോടെ വന്നിടാം നിൻനടയ്ക്കൽ<br>മാറ്റെഴും മുഖപദ്മം കണ്ടുകൂപ്പിടുന്നേരം<br>ചെറ്റെന്നു മറന്നീടാം നീറ്റുന്ന സങ്കടങ്ങൾ<br>
----

2022-08-08----

 ഏറ്റുമാനൂരപ്പന്റെ ദർശനം കിട്ടാനായി-
ട്ടേറ്റവും ഭക്തിയോടെ വന്നിടാം നിൻനടയ്ക്കൽ
മാറ്റെഴും മുഖപദ്മം കണ്ടുകൂപ്പിടുന്നേരം
ചെറ്റെന്നു മറന്നീടാം നീറ്റുന്ന സങ്കടങ്ങൾ
----

2022-08-08----

 ഏറ്റുമാനൂരപ്പന്റെ ദർശനം കിട്ടാനായി-
ചെറ്റെന്നു മറന്നീടാം നീറ്റുന്ന സങ്കടങ്ങൾ
----

2022-08-08----

ഉദാഹരണം
----

2022-08-08----

 ഏറ്റുമാനൂരപ്പന്റെ ദർശനം കിട്ടാനായി-<br>ട്ടേറ്റവും ഭക്തിയോടെ വന്നിടാം നിൻനടയ്ക്കൽ<br>മാറ്റെഴും മുഖപദ്മം കണ്ടുകൂപ്പിടുന്നേരം<br>ചെറ്റെന്നു മറന്നീടാം നീറ്റുന്ന സങ്കടങ്ങൾ<br>
----

2022-08-08----

 ഏറ്റുമാനൂരപ്പന്റെ ദർശനം കിട്ടാനായി-
ട്ടേറ്റവും ഭക്തിയോടെ വന്നിടാം നിൻനടയ്ക്കൽ
മാറ്റെഴും മുഖപദ്മം കണ്ടുകൂപ്പിടുന്നേരം
ചെറ്റെന്നു മറന്നീടാം നീറ്റുന്ന സങ്കടങ്ങൾ
----

2022-08-09----

അകലെയെത്ര തിരക്കു ഞെരിക്കിലും
അരികിലെന്റെ സുഖാസുഖ ചിന്തനം
അരുമയോടെ തിരക്കിടുമെൻ പ്രിയേ
അനഘമീ ജനനാന്തര ബന്ധനം
----

2022-08-09----

കളക്കാത്ത സന്ദനമേറെ
വെഗുവോക പൂത്തിറിക്കൊ
പൂപറിക്കാ പോകിലാമോ
വിമേനാത്തെ പക്കിലാമോ
----

2022-08-09----

കളക്കാത്ത സന്ദനമേറെ
വെഗുവോക പൂത്തിറിക്കൊ
പൂപറിക്കാ പോകിലാമോ
വിമേനാത്തെ പക്കിലാമോ
----

2022-08-09----

കളക്കാത്ത സന്ദനമേറെ
വെഗുവോക പൂത്തിറിക്കൊ
പൂപറിക്കാ പോകിലാമോ
വിമേനാത്തെ പക്കിലാമോ
----

2022-08-09----

അങ്കണ തൈമാവിൽ നിന്നാദ്യത്തെ പഴം വീഴ്കെ
അമ്മതൻ നേത്രത്തിൽ നിന്നുതിർന്നൂ ചുടുകണ്ണീർ
----

2022-08-09----

അങ്കണ തൈമാവിൽ നിന്നാദ്യത്തെ പഴം വീഴ്കെ
അമ്മതൻ നേത്രത്തിൽ നിന്നുതിർന്നൂ ചുടുകണ്ണീർ
----

2022-08-09----

കളക്കാത്ത സന്ദനമേറെ
വെഗുവോക പൂത്തിറിക്കൊ
പൂപറിക്കാ പോകിലാമോ
വിമേനാത്തെ പക്കിലാമോ
----

2022-08-09----

കളക്കാത്ത സന്ദനമേറെ
വെഗുവോക പൂത്തിറിക്കൊ
പൂപറിക്കാ പോകിലാമോ
വിമേനാത്തെ പക്കിലാമോ
----

2022-08-09----

വെഗുവോക പൂത്തിറിക്കൊ
പൂപറിക്കാ പോകിലാമോ
വിമേനാത്തെ പക്കിലാമോ
ലാ ലെ ലാ ലെ ലാ ലെ ലാ ല ലെ
ലാ ലെ ലാ ലെ ലാ ലെ ലാ ല ലെ
തെക്കാത്ത സന്ദനമേറാം
----

2022-08-09----

അകലെയെത്ര തിരക്കു ഞെരിക്കിലും
അരികിലെന്റെ സുഖാസുഖ ചിന്തനം
അരുമയോടെ തിരക്കിടുമെൻ പ്രിയേ
അനഘമീ ജനനാന്തര ബന്ധനം
----

2022-08-09----

നേർത്ത ഗന്ധമെൻ ജാലകപ്പാളിയിൽ
കോർത്തുനിൽപ്പൂ നിലാത്തിരിവെട്ടത്തിൽ
ആത്തമോദമരികെ ഞാനെത്തുമ്പോൾ
പൂത്തിടുന്നൂ നിശാഗന്ധി സുസ്മിതം
നമ്രശീർഷയാം പെൺകൊടി പോലവൾ
തെല്ലു നാണമൊളിപ്പിച്ചുനിന്നുവോ?
----

2022-08-09----

നേർത്ത ഗന്ധമെൻ ജാലകപ്പാളിയിൽ
കോർത്തുനിൽപ്പൂ നിലാത്തിരിവെട്ടത്തിൽ
ആത്തമോദമരികെ ഞാനെത്തുമ്പോൾ
പൂത്തിടുന്നൂ നിശാഗന്ധി സുസ്മിതം
നമ്രശീർഷയാം പെൺകൊടി പോലവൾ
തെല്ലു നാണമൊളിപ്പിച്ചുനിന്നുവോ?
----

2022-08-09----

ഉദാഹരണം
----

2022-08-09----

 അധരം മധുരം വചനം മധുരം<br>മധുരാധിപതേ അഖിലം മധുരം<br>
----

2022-08-09----

 അധരം മധുരം വചനം മധുരം
മധുരാധിപതേ അഖിലം മധുരം
----

2022-08-09----

 അധരം മധുരം വചനം മധുരം
മധുരാധിപതേ അഖിലം മധുരം
----

2022-08-09----

 അധരം മധുരം വചനം മധുരം
മധുരാധിപതേ അഖിലം മധുരം
----

2022-08-09----

 അധരം മധുരം വചനം മധുരം
മധുരാധിപതേ അഖിലം മധുരം
----

2022-08-09----

അങ്കണ തൈമാവിൽ നിന്നാദ്യത്തെ പഴം വീഴ്കെ
അമ്മതൻ നേത്രത്തിൽ നിന്നുതിർന്നൂ ചുടുകണ്ണീർ
----

2022-08-09----

അങ്കണ തൈമാവിൽ നിന്നാദ്യത്തെ പഴം വീഴ്കെ
അമ്മതൻ നേത്രത്തിൽ നിന്നുതിർന്നൂ ചുടുകണ്ണീർ
----

2022-08-09----

 അധരം മധുരം വചനം മധുരം
മധുരാധിപതേ അഖിലം മധുരം
----

2022-08-09----

ഉദാഹരണം
----

2022-08-09----

 പട്ടിണി രണ്ടു കിടക്കുന്നേരം<br>പട്ടികളേക്കാൾ പരവശഭാവം<br>
----

2022-08-09----

 പട്ടിണി രണ്ടു കിടക്കുന്നേരം
പട്ടികളേക്കാൾ പരവശഭാവം
----

2022-08-09----

ഉദാഹരണം
----

2022-08-09----

 കുട്ടനാടൻ പുഞ്ചയിലെ കൊച്ചുപെണ്ണേ കുയിലാളേ<br>കൊട്ടുവേണം കുഴൽ വേണം കുരവ വേണം<br>
----

2022-08-09----

 കുട്ടനാടൻ പുഞ്ചയിലെ കൊച്ചുപെണ്ണേ കുയിലാളേ
കൊട്ടുവേണം കുഴൽ വേണം കുരവ വേണം
----

2022-08-09----

ഉദാഹരണം
----

2022-08-09----

 ആദമെന്ന പിതാവിന്റെ തലയിൽ വൻമരം തന്നിൽ<br>ആദിനാഥാ കുരിശിൽ നീ തൂങ്ങിയോ പുത്രാ<br>
----

2022-08-09----

 ആദമെന്ന പിതാവിന്റെ തലയിൽ വൻമരം തന്നിൽ
ആദിനാഥാ കുരിശിൽ നീ തൂങ്ങിയോ പുത്രാ
----

2022-08-09----

ഉദാഹരണം
----

2022-08-09----

 ആറ്റുംമണമ്മേലെ ഉണ്ണിയാർച്ച<br>കൊഞ്ചി കുഴഞ്ഞങ്ങു ചെന്നു ആർച്ച<br>
----

2022-08-09----

 ആറ്റുംമണമ്മേലെ ഉണ്ണിയാർച്ച
കൊഞ്ചി കുഴഞ്ഞങ്ങു ചെന്നു ആർച്ച
----

2022-08-09----

ഉദാഹരണം
----

2022-08-09----

 തമ്പുരാട്ടിചെന്താരുള്ളംകൈയു നോ/ക്കി/ടട്ടെ<br>എമ്പുരാനെക്കൂപ്പി നേരു സർവ്വമോ/തീ/ടട്ടെ:<br>ഏറെനാളായ് തമ്പുരാട്ടിക്കുള്ളിലുള്ള /താ/പം<br>തീരുമാറായ് സൗഖ്യമാർന്നു വാഴുമാറാ/യ്/ത്തീരും<br>ആയതിന്നു മുമ്പിലെന്നാലൊട്ടപായ/മെ/ല്ലാം<br>മായമെന്ന്യേ കാണ്മതുണ്ടിക്കൈയിലിക്കു/റ/ത്തി<br>
----

2022-08-09----

 തമ്പുരാട്ടിചെന്താരുള്ളംകൈയു നോ/ക്കി/ടട്ടെ
എമ്പുരാനെക്കൂപ്പി നേരു സർവ്വമോ/തീ/ടട്ടെ:
ഏറെനാളായ് തമ്പുരാട്ടിക്കുള്ളിലുള്ള /താ/പം
തീരുമാറായ് സൗഖ്യമാർന്നു വാഴുമാറാ/യ്/ത്തീരും
ആയതിന്നു മുമ്പിലെന്നാലൊട്ടപായ/മെ/ല്ലാം
മായമെന്ന്യേ കാണ്മതുണ്ടിക്കൈയിലിക്കു/റ/ത്തി
----

2022-08-09----

ഉദാഹരണം
----

2022-08-09----

 കഠിനതരമലറിയൊരു രജനിചരി വേഷമായ്-<br>കാണായിതാശു ലങ്കാ ശ്രീയെയും തദാ<br>
----

2022-08-09----

 കഠിനതരമലറിയൊരു രജനിചരി വേഷമായ്-
കാണായിതാശു ലങ്കാ ശ്രീയെയും തദാ
----

2022-08-09----

ഉദാഹരണം
----

2022-08-09----

 അച്യുതം കേശവം രാമനാരായണം<br>കൃഷ്ണദാമോദരം വാസുദേവം ഹരിം<br>ശ്രീധരം മാധവം ഗോപികാവല്ലഭം<br>ജാനകീനായകം രാമചന്ദ്രം ഭജേ<br>
----

2022-08-09----

 അച്യുതം കേശവം രാമനാരായണം
കൃഷ്ണദാമോദരം വാസുദേവം ഹരിം
ശ്രീധരം മാധവം ഗോപികാവല്ലഭം
ജാനകീനായകം രാമചന്ദ്രം ഭജേ
----

2022-08-09----

 അച്യുതം കേശവം രാമനാരായണം
കൃഷ്ണദാമോദരം വാസുദേവം ഹരിം
ശ്രീധരം മാധവം ഗോപികാവല്ലഭം
ജാനകീനായകം രാമചന്ദ്രം ഭജേ
----

2022-08-09----

ഉദാഹരണം
----

2022-08-09----

 അരുമസഖി! നീയെന്റെമാനസം കണ്ടുവോ<br>ഒരുചെറിയമോഹമൊന്നുണ്ടെന്റെഹൃത്തടേ<br>
----

2022-08-09----

 അരുമസഖി! നീയെന്റെമാനസം കണ്ടുവോ
ഒരുചെറിയമോഹമൊന്നുണ്ടെന്റെഹൃത്തടേ
----

2022-08-09----

ഉദാഹരണം
----

2022-08-09----

 ശരണമറ്റ ജനങ്ങളിലിത്തിരി<br>കരുണകാട്ടുക നായകലക്ഷണം<br>
----

2022-08-09----

 ശരണമറ്റ ജനങ്ങളിലിത്തിരി
കരുണകാട്ടുക നായകലക്ഷണം
----

2022-08-09----

 ശരണമറ്റ ജനങ്ങളിലിത്തിരി
കരുണകാട്ടുക നായകലക്ഷണം
----

2022-08-09----

ഉദാഹരണം
----

2022-08-09----

 കേട്ടീലയോ കിഞ്ചന വർത്തമാനം<br>
----

2022-08-09----

 കേട്ടീലയോ കിഞ്ചന വർത്തമാനം
----

2022-08-09----

ഉദാഹരണം
----

2022-08-09----

 ശാന്താ കാരം ഭുജഗ ശയനം പദ്മനാഭം സുരേശം<br>
----

2022-08-09----

 ശാന്താ കാരം ഭുജഗ ശയനം പദ്മനാഭം സുരേശം
----

2022-08-09----

ഉദാഹരണം
----

2022-08-09----

 മാണിക്യവീണാമുപലാളയന്തീം<br>മദാലസാം മഞ്ജുള വാഗ്വിലാസാം<br>
----

2022-08-09----

 മാണിക്യവീണാമുപലാളയന്തീം
മദാലസാം മഞ്ജുള വാഗ്വിലാസാം
----

2022-08-09----

ഉദാഹരണം
----

2022-08-09----

 പീലിക്കോലേകിടേണം തിരുമുടിയഴകില്‍ കെട്ടിവച്ചങ്ങു ചാര്‍ത്താന്‍<br>കാലിക്കോലേകിടേണം പലവഴിചിതറും പൈക്കളെച്ചേര്‍ത്തണയ്ക്കാന്‍<br>
----

2022-08-09----

 പീലിക്കോലേകിടേണം തിരുമുടിയഴകില്‍ കെട്ടിവച്ചങ്ങു ചാര്‍ത്താന്‍
കാലിക്കോലേകിടേണം പലവഴിചിതറും പൈക്കളെച്ചേര്‍ത്തണയ്ക്കാന്‍
----

2022-08-09----

ഉദാഹരണം
----

2022-08-09----

 കർക്കടകംവരവായതിവർഷം<br>പെയ്യുകയാണൊരുതുള്ളികണക്കേ<br>
----

2022-08-09----

 കർക്കടകംവരവായതിവർഷം
പെയ്യുകയാണൊരുതുള്ളികണക്കേ
----

2022-08-09----

നേർത്ത ഗന്ധമെൻ ജാലകപ്പാളിയിൽ
കോർത്തുനിൽപ്പൂ നിലാത്തിരിവെട്ടത്തിൽ
ആത്തമോദമരികെ ഞാനെത്തുമ്പോൾ
പൂത്തിടുന്നൂ നിശാഗന്ധി സുസ്മിതം
----

2022-08-09----

അകലെയെത്ര തിരക്കു ഞെരിക്കിലും
അരികിലെന്റെ സുഖാസുഖ ചിന്തനം
അരുമയോടെ തിരക്കിടുമെൻ പ്രിയേ
അനഘമീ ജനനാന്തര ബന്ധനം
----

2022-08-09----

അകലെയെത്ര തിരക്കു ഞെരിക്കിലും
അരികിലെന്റെ സുഖാസുഖ ചിന്തനം
അരുമയോടെ തിരക്കിടുമെൻ പ്രിയേ
അനഘമീ ജനനാന്തര ബന്ധനം
----

2022-08-09----

കളക്കാത്ത സന്ദനമേറെ
വെഗുവോക പൂത്തിറിക്കൊ
പൂപറിക്കാ പോകിലാമോ
വിമേനാത്തെ പക്കിലാമോ
----

2022-08-09----

കളക്കാത്ത സന്ദനമേറെ
വെഗുവോക പൂത്തിറിക്കൊ
പൂപറിക്കാ പോകിലാമോ
വിമേനാത്തെ പക്കിലാമോ
----

2022-08-09----

കളക്കാത്ത സന്ദനമേറെ
വെഗുവോക പൂത്തിറിക്കൊ
പൂപറിക്കാ പോകിലാമോ
വിമേനാത്തെ പക്കിലാമോ
----

2022-08-09----

ചന്ദ്രികയിലലിയുന്നു ചന്ദ്രകാന്തം
നിൻ ചിരിയിലലിയുന്നെൻ ജീവരാഗം
----

2022-08-09----

ലീലയിൽ ജീവിതഗീതികൾ പാടും
ദിക്കാലാതിവർത്തി മാഹാത്മ്യശാലിൻ.
----

2022-08-09----

ലീലയിൽ ജീവിതഗീതികൾ പാടും
ദിക്കാലാതിവർത്തി മാഹാത്മ്യശാലിൻ.
----

2022-08-09----

ലീലയിൽ ജീവിതഗീതികൾ പാടും ദി
ക്കാലാതിവർത്തി മാഹാത്മ്യശാലിൻ.
----

2022-08-09----

അമ്മേ നീയും വായിക്കുന്നെൻ കാവ്യതാളങ്ങൾ നാ-
മെന്നുമോർക്കും കാലത്തിന്നൻപിന്നായി
കേൾക്കുന്നുമുണ്ടാമതിൽ വീണ്ടുമീ നിലത്തിരു-
കുഞ്ഞിക്കാലുകൾ പണ്ടു പതിഞ്ഞ ശബ്ദം
----

2022-08-09----

അമ്മേ നീയും വായിക്കുന്നെൻ കാവ്യതാളങ്ങൾ നാ-
മെന്നുമോർക്കും കാലത്തിന്നൻപിന്നായി
കേൾക്കുന്നുമുണ്ടാമതിൽ വീണ്ടുമീ നിലത്തിരു-
കുഞ്ഞിക്കാലുകൾ പണ്ടു പതിഞ്ഞ ശബ്ദം
----

2022-08-09----

അമ്മേ നീയും വായിക്കുന്നെൻ കാവ്യതാളങ്ങൾ നാ-
മെന്നുമോർക്കും കാലത്തിന്നൻപിന്നായി
കേൾക്കുന്നുമുണ്ടാമതിൽ വീണ്ടുമീ നിലത്തിരു-
കുഞ്ഞിക്കാലുകൾ പണ്ടു പതിഞ്ഞ ശബ്ദം
----

2022-08-09----

ഇവിടെയിവിടെ ഈ മണ്ണിൽ സമരചരിതമോരോന്നിൽ ഉയിരു ചിതറി വീണീടും മഹിതമനുജരേ അഖിലജനത മുന്നേറാൻ സമതയിവിടെ വന്നീടാൻ കുരുതി ചിതറി വീണീടും സകല സഹജരേ
----

2022-08-09----

ഇവിടെയിവിടെ ഈ മണ്ണിൽ സമരചരിതമോരോന്നിൽ ഉയിരു ചിതറി വീണീടും മഹിതമനുജരേ അഖിലജനത മുന്നേറാൻ സമതയിവിടെ വന്നീടാൻ കുരുതി ചിതറി വീണീടും സകല സഹജരേ
----

2022-08-09----

ഇവിടെയിവിടെ ഈ മണ്ണിൽ സമരചരിതമോരോന്നിൽ ഉയിരു ചിതറി വീണീടും മഹിതമനുജരേ അഖിലജനത മുന്നേറാൻ സമതയിവിടെ വന്നീടാൻ കുരുതി ചിതറി വീണീടും സകല സഹജരേ
----

2022-08-09----

ഇവിടെയിവിടെ ഈ മണ്ണിൽ സമരചരിതമോരോന്നിൽ ഉയിരു ചിതറി വീണീടും മഹിതമനുജരേ അഖിലജനത മുന്നേറാൻ സമതയിവിടെ വന്നീടാൻ കുരുതി ചിതറി വീണീടും സകല സഹജരേ
----

2022-08-09----

Row, row, row your boat
Gently down the stream
Merrily merrily, merrily, merrily
Life is but a dream
----

2022-08-09----

Row, row, row your boat
Gently down the stream
Merrily merrily, merrily, merrily
Life is but a dream
----

2022-08-09----

അങ്കണ തൈമാവിൽ നിന്നാദ്യത്തെ പഴം വീഴ്കെ
അമ്മതൻ നേത്രത്തിൽ നിന്നുതിർന്നൂ ചുടുകണ്ണീർ
----

2022-08-09----

ഉദാഹരണം
----

2022-08-09----

 കുഞ്ചന്റെ തുള്ളൽ ക്കവിതാ പ്രബന്ധം<br>
----

2022-08-09----

 കുഞ്ചന്റെ തുള്ളൽ ക്കവിതാ പ്രബന്ധം
----

2022-08-09----

ഉദാഹരണം
----

2022-08-09----

അങ്കണ തൈമാവിൽ നിന്നാദ്യത്തെ പഴം വീഴ്കെ
അമ്മതൻ നേത്രത്തിൽ നിന്നുതിർന്നൂ ചുടുകണ്ണീർ
----

2022-08-09----

അങ്കണ തൈമാവിൽ നിന്നാദ്യത്തെ പഴം വീഴ്കെ
അമ്മതൻ നേത്രത്തിൽ നിന്നുതിർന്നൂ ചുടുകണ്ണീർ
----

2022-08-09----

അങ്കണ തൈമാവിൽ നിന്നാദ്യത്തെ പഴം വീഴ്കെ
അമ്മതൻ നേത്രത്തിൽ നിന്നുതിർന്നൂ ചുടുകണ്ണീർ
----

2022-08-09----

ഉദാഹരണം
----

2022-08-09----

 താമരക്കുയിൽ പാടുന്നു ദൂരേ<br>താളത്തിൽ പാടീ പൂങ്കാറ്റും<br>താരമ്പൻകൊട്ടും മേളത്തിലാടീ<br>തൂമുല്ലപ്പൂക്കൾ സാമോദം<br>
----

2022-08-09----

 താമരക്കുയിൽ പാടുന്നു ദൂരേ
താളത്തിൽ പാടീ പൂങ്കാറ്റും
താരമ്പൻകൊട്ടും മേളത്തിലാടീ
തൂമുല്ലപ്പൂക്കൾ സാമോദം
----

2022-08-09----

 താമരക്കുയിൽ പാടുന്നു ദൂരേ
താളത്തിൽ പാടീ പൂങ്കാറ്റും
താരമ്പൻകൊട്ടും മേളത്തിലാടീ
തൂമുല്ലപ്പൂക്കൾ സാമോദം
----

2022-08-09----

ഉദാഹരണം
----

2022-08-09----

 പട്ടിണി രണ്ടു കിടക്കുന്നേരം<br>പട്ടികളേക്കാൾ പരവശഭാവം<br>
----

2022-08-09----

 പട്ടിണി രണ്ടു കിടക്കുന്നേരം
പട്ടികളേക്കാൾ പരവശഭാവം
----

2022-08-09----

 പട്ടിണി രണ്ടു കിടക്കുന്നേരം
പട്ടികളേക്കാൾ പരവശഭാവം
----

2022-08-09----

 പട്ടിണി രണ്ടു കിടക്കുന്നേരം
പട്ടികളേക്കാൾ പരവശഭാവം
----

2022-08-09----

ഉദാഹരണം
----

2022-08-09----

 അച്യുതം കേശവം രാമനാരായണം<br>കൃഷ്ണദാമോദരം വാസുദേവം ഹരിം<br>ശ്രീധരം മാധവം ഗോപികാവല്ലഭം<br>ജാനകീനായകം രാമചന്ദ്രം ഭജേ<br>
----

2022-08-09----

 അച്യുതം കേശവം രാമനാരായണം
കൃഷ്ണദാമോദരം വാസുദേവം ഹരിം
ശ്രീധരം മാധവം ഗോപികാവല്ലഭം
ജാനകീനായകം രാമചന്ദ്രം ഭജേ
----

2022-08-09----

 അച്യുതം കേശവം രാമനാരായണം
കൃഷ്ണദാമോദരം വാസുദേവം ഹരിം
ശ്രീധരം മാധവം ഗോപികാവല്ലഭം
ജാനകീനായകം രാമചന്ദ്രം ഭജേ
----

2022-08-09----

 അച്യുതം കേശവം രാമനാരായണം
കൃഷ്ണദാമോദരം വാസുദേവം ഹരിം
ശ്രീധരം മാധവം ഗോപികാവല്ലഭം
ജാനകീനായകം രാമചന്ദ്രം ഭജേ
----

2022-08-09----

 അച്യുതം കേശവം രാമനാരായണം
കൃഷ്ണദാമോദരം വാസുദേവം ഹരിം
ശ്രീധരം മാധവം ഗോപികാവല്ലഭം
ജാനകീനായകം രാമചന്ദ്രം ഭജേ
----

2022-08-09----

 അച്യുതം കേശവം രാമനാരായണം
കൃഷ്ണദാമോദരം വാസുദേവം ഹരിം
ശ്രീധരം മാധവം ഗോപികാവല്ലഭം
ജാനകീനായകം രാമചന്ദ്രം ഭജേ
----

2022-08-09----

 അച്യുതം കേശവം രാമനാരായണം
കൃഷ്ണദാമോദരം വാസുദേവം ഹരിം
ശ്രീധരം മാധവം ഗോപികാവല്ലഭം
ജാനകീനായകം രാമചന്ദ്രം ഭജേ
----

2022-08-09----

 അച്യുതം കേശവം രാമനാരായണം
കൃഷ്ണദാമോദരം വാസുദേവം ഹരിം
ശ്രീധരം മാധവം ഗോപികാവല്ലഭം
ജാനകീനായകം രാമചന്ദ്രം ഭജേ
----

2022-08-09----

 അച്യുതം കേശവം രാമനാരായണം
കൃഷ്ണദാമോദരം വാസുദേവം ഹരിം
ശ്രീധരം മാധവം ഗോപികാവല്ലഭം
ജാനകീനായകം രാമചന്ദ്രം ഭജേ
----

2022-08-10----

അങ്കണ തൈമാവിൽ നിന്നാദ്യത്തെ പഴം വീഴ്കെ
അമ്മതൻ നേത്രത്തിൽ നിന്നുതിർന്നൂ ചുടുകണ്ണീർ
----

2022-08-10----

അങ്കണ തൈമാവിൽ നിന്നാദ്യത്തെ പഴം വീഴ്കെ
അമ്മതൻ നേത്രത്തിൽ നിന്നുതിർന്നൂ ചുടുകണ്ണീർ
----

2022-08-16----

അങ്കണ തൈമാവിൽ നിന്നാദ്യത്തെ പഴം വീഴ്കെ
അമ്മതൻ നേത്രത്തിൽ നിന്നുതിർന്നൂ ചുടുകണ്ണീർ
----

2022-08-16----

അങ്കണ തൈമാവിൽ നിന്നാദ്യത്തെ പഴം വീഴ്കെ
അമ്മതൻ നേത്രത്തിൽ നിന്നുതിർന്നൂ ചുടുകണ്ണീർ
----

2022-08-16----

അങ്കണ തൈമാവിൽ നിന്നാദ്യത്തെ പഴം വീഴ്കെ
അമ്മതൻ നേത്രത്തിൽ നിന്നുതിർന്നൂ ചുടുകണ്ണീർ
----

2022-08-16----

ഉദാഹരണം
----

2022-08-16----

ഇനിയും മരിക്കാത്ത ഭൂമി നിന്നാസന്ന
മൃതിയിൽ നിനക്കാത്മ ശാന്തി
----

2022-08-16----

ഇനിയും മരിക്കാത്ത ഭൂമി നിന്നാസന്ന
മൃതിയിൽ നിനക്കാത്മ ശാന്തി
----

2022-08-16----

മഞ്ഞല പുൽകിയ മാമലയിൽ കുളിരമ്പിളി നീങ്ങി മറഞ്ഞളവിൽ
മഞ്ജിമ തിങ്ങിയ ചാമരമായിടതിങ്ങിവിളങ്ങിയ കാടുകളിൽ
നീരദ പാളികളംബരമേട്ടിലുയർത്തി മനോഹര പൂക്കുടകൾ
ദൂരെ വിദൂരയലംകൃത ഭംഗിയിൽ വന്നു കിഴക്കൊരു തങ്കരഥം
----

2022-08-16----

മഞ്ഞല പുൽകിയ മാമലയിൽ കുളിരമ്പിളി നീങ്ങി മറഞ്ഞളവിൽ
മഞ്ജിമ തിങ്ങിയ ചാമരമായിടതിങ്ങിവിളങ്ങിയ കാടുകളിൽ
നീരദ പാളികളംബരമേട്ടിലുയർത്തി മനോഹര പൂക്കുടകൾ
ദൂരെ വിദൂരയലംകൃത ഭംഗിയിൽ വന്നു കിഴക്കൊരു തങ്കരഥം
----

2022-08-16----

മഞ്ഞല പുൽകിയ മാമലയിൽ കുളിരമ്പിളി നീങ്ങി മറഞ്ഞളവിൽ
മഞ്ജിമ തിങ്ങിയ ചാമരമായിടതിങ്ങിവിളങ്ങിയ കാടുകളിൽ
നീരദ പാളികളംബരമേട്ടിലുയർത്തി മനോഹര പൂക്കുടകൾ
ദൂരെ വിദൂരയലംകൃത ഭംഗിയിൽ വന്നു കിഴക്കൊരു തങ്കരഥം
----

2022-08-16----

മഞ്ഞല പുൽകിയ മാമലയിൽ കുളിരമ്പിളി നീങ്ങി മറഞ്ഞളവിൽ
മഞ്ജിമ തിങ്ങിയ ചാമരമായിടതിങ്ങിവിളങ്ങിയ കാടുകളിൽ
നീരദ പാളികളംബരമേട്ടിലുയർത്തി മനോഹര പൂക്കുടകൾ
ദൂരെ വിദൂരയലംകൃത ഭംഗിയിൽ വന്നു കിഴക്കൊരു തങ്കരഥം
----

2022-08-16----

മഞ്ഞല പുൽകിയ മാമലയിൽ കുളിരമ്പിളി നീങ്ങി മറഞ്ഞളവിൽ
മഞ്ജിമ തിങ്ങിയ ചാമരമായിടതിങ്ങിവിളങ്ങിയ കാടുകളിൽ
നീരദ പാളികളംബരമേട്ടിലുയർത്തി മനോഹര പൂക്കുടകൾ
ദൂരെ വിദൂരയലംകൃത ഭംഗിയിൽ വന്നു കിഴക്കൊരു തങ്കരഥം
----

2022-08-16----

മഞ്ഞല പുൽകിയ മാമലയിൽ കുളിരമ്പിളി നീങ്ങി മറഞ്ഞളവിൽ
മഞ്ജിമ തിങ്ങിയ ചാമരമായിടതിങ്ങിവിളങ്ങിയ കാടുകളിൽ
നീരദ പാളികളംബരമേട്ടിലുയർത്തി മനോഹര പൂക്കുടകൾ
ദൂരെ വിദൂരയലംകൃത ഭംഗിയിൽ വന്നു കിഴക്കൊരു തങ്കരഥം
----

2022-08-16----

ബലിക്കു വേണ്ടൊരാടിനേ നടത്തിയാ വിശുദ്ധമാം
സ്ഥലത്തു കൊണ്ടു ചെന്നിടുന്ന മട്ടിലാപ്പുരോഹിതൻ
വിളിച്ചിടുന്നു കന്യകാഗണത്തെയന്തികത്തിലേ -
ക്കിളക്കമറ്റടുത്തു ചെന്നു മുട്ടു കുത്തിടുന്നവർ
----

2022-08-16----

ബലിക്കു വേണ്ടൊരാടിനേ നടത്തിയാ വിശുദ്ധമാം
സ്ഥലത്തു കൊണ്ടു ചെന്നിടുന്ന മട്ടിലാപ്പുരോഹിതൻ
വിളിച്ചിടുന്നു കന്യകാഗണത്തെയന്തികത്തിലേ -
ക്കിളക്കമറ്റടുത്തു ചെന്നു മുട്ടു കുത്തിടുന്നവർ
----

2022-08-16----

ബലിക്കു വേണ്ടൊരാടിനേ നടത്തിയാ വിശുദ്ധമാം
സ്ഥലത്തു കൊണ്ടു ചെന്നിടുന്ന മട്ടിലാപ്പുരോഹിതൻ
വിളിച്ചിടുന്നു കന്യകാഗണത്തെയന്തികത്തിലേ -
ക്കിളക്കമറ്റടുത്തു ചെന്നു മുട്ടു കുത്തിടുന്നവർ
----

2022-08-16----

ബലിക്കു വേണ്ടൊരാടിനേ നടത്തിയാ വിശുദ്ധമാം
സ്ഥലത്തു കൊണ്ടു ചെന്നിടുന്ന മട്ടിലാപ്പുരോഹിതൻ
വിളിച്ചിടുന്നു കന്യകാഗണത്തെയന്തികത്തിലേ -
ക്കിളക്കമറ്റടുത്തു ചെന്നു മുട്ടു കുത്തിടുന്നവർ
----

2022-08-16----

വിശാല വിഷയാടവീവലയ ലഗ്നദാവാനല-
പ്രസൃത്വര ശിഖാവലീ കബളിതം മദീയം മന:
അമന്ദമിളിദിന്ദിരേ നിഖിലമാധുരീമന്ദിരേ
മുകുന്ദമുഖചന്ദിരേ, ചിരമിദം ചകോരായതാം
----

2022-08-16----

വിശാല വിഷയാടവീവലയ ലഗ്നദാവാനല-
പ്രസൃത്വര ശിഖാവലീ കബളിതം മദീയം മന:
അമന്ദമിളിദിന്ദിരേ നിഖിലമാധുരീമന്ദിരേ
മുകുന്ദമുഖചന്ദിരേ, ചിരമിദം ചകോരായതാം
----

2022-08-16----

വിശാല വിഷയാടവീവലയ ലഗ്നദാവാനല-
പ്രസൃത്വര ശിഖാവലീ കബളിതം മദീയം മന:
അമന്ദമിളിദിന്ദിരേ നിഖിലമാധുരീമന്ദിരേ
മുകുന്ദമുഖചന്ദിരേ, ചിരമിദം ചകോരായതാം
----

2022-08-16----

വിശാല വിഷയാടവീവലയ ലഗ്നദാവാനല-
പ്രസൃത്വര ശിഖാവലീ കബളിതം മദീയം മന:
അമന്ദമിളിദിന്ദിരേ നിഖിലമാധുരീമന്ദിരേ
മുകുന്ദമുഖചന്ദിരേ, ചിരമിദം ചകോരായതാം
----

2022-08-16----

വാലുപോയകുരങ്ങു തന്നിരുകാലിലങ്ങു നിവർന്നു നി-
ന്നാളുമുൽസുകമാർന്നഹംകൃതിപൂണ്ടുനോക്കിയ വേളയിൽ
നാലു ചുറ്റിലുമുള്ള മറ്റു മൃഗങ്ങളും വിഹഗങ്ങളും
ചൂളി നിന്നു ഭയത്തിനാൽ- നര വർഗ്ഗമങ്ങനെ ജാതമായ്
----

2022-08-16----

വാലുപോയകുരങ്ങു തന്നിരുകാലിലങ്ങു നിവർന്നു നി-
ന്നാളുമുൽസുകമാർന്നഹംകൃതിപൂണ്ടുനോക്കിയ വേളയിൽ
നാലു ചുറ്റിലുമുള്ള മറ്റു മൃഗങ്ങളും വിഹഗങ്ങളും
ചൂളി നിന്നു ഭയത്തിനാൽ- നര വർഗ്ഗമങ്ങനെ ജാതമായ്
----

2022-08-16----

വാലുപോയകുരങ്ങു തന്നിരുകാലിലങ്ങു നിവർന്നു നി-
ന്നാളുമുൽസുകമാർന്നഹംകൃതിപൂണ്ടുനോക്കിയ വേളയിൽ
നാലു ചുറ്റിലുമുള്ള മറ്റു മൃഗങ്ങളും വിഹഗങ്ങളും
ചൂളി നിന്നു ഭയത്തിനാൽ- നര വർഗ്ഗമങ്ങനെ ജാതമായ്
----

2022-08-16----

ഒരുമാതിരിയൊരുനാളിലുമൊരുവന്നകമറിയാ-
ത്തൊരുമാധുരി തിരളും തവ  തിരുമെയ്യതു  കരളിൽ
കരുതാനിട കരുണാകര കനിവോടിതവരണം
ഗുരുമാരുതപുരനായക മുരശാസന ശരണം
----

2022-08-16----

ഒരുമാതിരിയൊരുനാളിലുമൊരുവന്നകമറിയാ-
ത്തൊരുമാധുരി തിരളും തവ  തിരുമെയ്യതു  കരളിൽ
കരുതാനിട കരുണാകര കനിവോടിതവരണം
ഗുരുമാരുതപുരനായക മുരശാസന ശരണം
----

2022-08-16----

ഒരുമാതിരിയൊരുനാളിലുമൊരുവന്നകമറിയാ-
ത്തൊരുമാധുരി തിരളും തവ  തിരുമെയ്യതു  കരളിൽ
കരുതാനിട കരുണാകര കനിവോടിതവരണം
ഗുരുമാരുതപുരനായക മുരശാസന ശരണം
----

2022-08-16----

നേർത്ത ഗന്ധമെൻ ജാലകപ്പാളിയിൽ
കോർത്തുനിൽപ്പൂ നിലാത്തിരിവെട്ടത്തിൽ
ആത്തമോദമരികെ ഞാനെത്തുമ്പോൾ
പൂത്തിടുന്നൂ നിശാഗന്ധി സുസ്മിതം
----

2022-08-16----

നേർത്ത ഗന്ധമെൻ ജാലകപ്പാളിയിൽ
കോർത്തുനിൽപ്പൂ നിലാത്തിരിവെട്ടത്തിൽ
ആത്തമോദമരികെ ഞാനെത്തുമ്പോൾ
പൂത്തിടുന്നൂ നിശാഗന്ധി സുസ്മിതം
----

2022-08-16----

നേർത്ത ഗന്ധമെൻ ജാലകപ്പാളിയിൽ
കോർത്തുനിൽപ്പൂ നിലാത്തിരിവെട്ടത്തിൽ
ആത്തമോദമരികെ ഞാനെത്തുമ്പോൾ
പൂത്തിടുന്നൂ നിശാഗന്ധി സുസ്മിതം
----

2022-08-16----

ഉദാഹരണം
----

2022-08-16----

പരന്നു പൂനിലാവെളിച്ചമിമ്പമായ്
വിടർന്നിതാ നിശാസുമങ്ങളൊക്കെയും
ശിരസ്സു കുമ്പിട്ടു നമസ്കരിച്ചിടാം
വിളങ്ങിടേണമെൻ മനസ്സിലെന്നുമേ
----

2022-08-16----

പരന്നു പൂനിലാവെളിച്ചമിമ്പമായ്
വിടർന്നിതാ നിശാസുമങ്ങളൊക്കെയും
ശിരസ്സു കുമ്പിട്ടു നമസ്കരിച്ചിടാം
വിളങ്ങിടേണമെൻ മനസ്സിലെന്നുമേ
----

2022-08-16----

പരന്നു പൂനിലാവെളിച്ചമിമ്പമായ്
വിടർന്നിതാ നിശാസുമങ്ങളൊക്കെയും
ശിരസ്സു കുമ്പിട്ടു നമസ്കരിച്ചിടാം
വിളങ്ങിടേണമെൻ മനസ്സിലെന്നുമേ
----

2022-08-16----

പരന്നു പൂനിലാവെളിച്ചമിമ്പമായ്
വിടർന്നിതാ നിശാസുമങ്ങളൊക്കെയും
----

2022-08-16----

പുത്രിയുംധാത്രിയുമൊന്നുപോലിങ്ങനെ
നിന്ദിതയാകുവാനെന്തൊരു കാരണം
----

2022-08-16----

മണിവേണുനാദസുധ ചൊരിയുന്നഭൂതിയതു
പറയാവതല്ലസഖി പൊഴിയുന്നു രാഗമഴ
----

2022-08-16----

അമ്പിളിക്കലാധരാ ശ്രീനീലകണ്ഠാശംഭോ
തുമ്പങ്ങളൊഴിച്ചെന്റെ ചിത്തത്തിൽ വിളങ്ങണേ
----

2022-08-16----

ശക്തിസ്വരൂപനായ സത്യത്തിന്നാധാരമേ
മുക്തിപ്രാപ്തിക്കായിതാതൃപ്പാദം
----

2022-08-16----

ചന്ദ്രക്കാരൻമാങ്ങയുണ്ടേ മുരിങ്ങക്കാകോലുംചേർത്തു
ചെമ്മീനിട്ടുകറിവച്ചാലൂണു കെങ്കേമം.
----

2022-08-16----

അങ്കണ തൈമാവിൽ നിന്നാദ്യത്തെ പഴം വീഴ്കെ
അമ്മതൻ നേത്രത്തിൽ നിന്നുതിർന്നൂ ചുടുകണ്ണീർ
----

2022-08-16----

അങ്കണ തൈമാവിൽ നിന്നാദ്യത്തെ പഴം വീഴ്കെ
അമ്മതൻ നേത്രത്തിൽ നിന്നുതിർന്നൂ ചുടുകണ്ണീർ
----

2022-08-16----

അങ്കണ തൈമാവിൽ നിന്നാദ്യത്തെ പഴം വീഴ്കെ
അമ്മതൻ നേത്രത്തിൽ നിന്നുതിർന്നൂ ചുടുകണ്ണീർ
----

2022-08-16----

അങ്കണ തൈമാവിൽ നിന്നാദ്യത്തെ പഴം വീഴ്കെ
അമ്മതൻ നേത്രത്തിൽ നിന്നുതിർന്നൂ ചുടുകണ്ണീർ
----

2022-08-16----

ചന്ദ്രക്കാരൻമാങ്ങയുണ്ടേ മുരിങ്ങക്കാകോലുംചേർത്തു
ചെമ്മീനിട്ടുകറിവച്ചാലൂണു കെങ്കേമം.
----

2022-08-16----

ഉദാഹരണം
----

2022-08-16----

 പട്ടിണി രണ്ടു കിടക്കുന്നേരം<br>പട്ടികളേക്കാൾ പരവശഭാവം<br>
----

2022-08-16----

 പട്ടിണി രണ്ടു കിടക്കുന്നേരം
പട്ടികളേക്കാൾ പരവശഭാവം
----

2022-08-16----

അങ്കണ തൈമാവിൽ നിന്നാദ്യത്തെ പഴം വീഴ്കെ
അമ്മതൻ നേത്രത്തിൽ നിന്നുതിർന്നൂ ചുടുകണ്ണീർ
----

2022-08-16----

ഉദാഹരണം
----

2022-08-17----

ഉദാഹരണം
----

2022-08-17----

ഉദാഹരണം
----

2022-08-17----

ഉദാഹരണം
----

2022-08-17----

ഉദാഹരണം
----

2022-08-17----

ഉദാഹരണം
----

2022-08-17----

അങ്കണ തൈമാവിൽ നിന്നാദ്യത്തെ പഴം വീഴ്കെ
അമ്മതൻ നേത്രത്തിൽ നിന്നുതിർന്നൂ ചുടുകണ്ണീർ
----

2022-08-17----

അങ്കണ തൈമാവിൽ നിന്നാദ്യത്തെ പഴം വീഴ്കെ
അമ്മതൻ നേത്രത്തിൽ നിന്നുതിർന്നൂ ചുടുകണ്ണീർ
----

2022-08-17----

ഉദാഹരണം
----

2022-08-17----

അങ്കണ തൈമാവിൽ നിന്നാദ്യത്തെ പഴം വീഴ്കെ
അമ്മതൻ നേത്രത്തിൽ നിന്നുതിർന്നൂ ചുടുകണ്ണീർ
----

2022-08-17----

അങ്കണ തൈമാവിൽ നിന്നാദ്യത്തെ പഴം വീഴ്കെ
അമ്മതൻ നേത്രത്തിൽ നിന്നുതിർന്നൂ ചുടുകണ്ണീർ
----

2022-08-17----

അങ്കണ തൈമാവിൽ നിന്നാദ്യത്തെ പഴം വീഴ്കെ
അമ്മതൻ നേത്രത്തിൽ നിന്നുതിർന്നൂ ചുടുകണ്ണീർ
----

2022-08-17----

അങ്കണ തൈമാവിൽ നിന്നാദ്യത്തെ പഴം വീഴ്കെ
അമ്മതൻ നേത്രത്തിൽ നിന്നുതിർന്നൂ ചുടുകണ്ണീർ
----

2022-08-17----

അങ്കണ തൈമാവിൽ നിന്നാദ്യത്തെ പഴം വീഴ്കെ
അമ്മതൻ നേത്രത്തിൽ നിന്നുതിർന്നൂ ചുടുകണ്ണീർ
----

2022-08-17----

അങ്കണ തൈമാവിൽ നിന്നാദ്യത്തെ പഴം വീഴ്കെ
അമ്മതൻ നേത്രത്തിൽ നിന്നുതിർന്നൂ ചുടുകണ്ണീർ
----

2022-08-17----

അങ്കണ തൈമാവിൽ നിന്നാദ്യത്തെ പഴം വീഴ്കെ
അമ്മതൻ നേത്രത്തിൽ നിന്നുതിർന്നൂ ചുടുകണ്ണീർ
----

2022-08-17----

അങ്കണ തൈമാവിൽ നിന്നാദ്യത്തെ പഴം വീഴ്കെ
അമ്മതൻ നേത്രത്തിൽ നിന്നുതിർന്നൂ ചുടുകണ്ണീർ
----

2022-08-17----

അങ്കണ തൈമാവിൽ നിന്നാദ്യത്തെ പഴം വീഴ്കെ
അമ്മതൻ നേത്രത്തിൽ നിന്നുതിർന്നൂ ചുടുകണ്ണീർ
----

2022-08-17----

അങ്കണ തൈമാവിൽ നിന്നാദ്യത്തെ പഴം വീഴ്കെ
അമ്മതൻ നേത്രത്തിൽ നിന്നുതിർന്നൂ ചുടുകണ്ണീർ
----

2022-08-17----

അങ്കണ തൈമാവിൽ നിന്നാദ്യത്തെ പഴം വീഴ്കെ
അമ്മതൻ നേത്രത്തിൽ നിന്നുതിർന്നൂ ചുടുകണ്ണീർ
----

2022-08-22----

അങ്കണ തൈമാവിൽ നിന്നാദ്യത്തെ പഴം വീഴ്കെ
അമ്മതൻ നേത്രത്തിൽ നിന്നുതിർന്നൂ ചുടുകണ്ണീർ
----

2022-08-22----

അങ്കണ തൈമാവിൽ നിന്നാദ്യത്തെ പഴം വീഴ്കെ
അമ്മതൻ നേത്രത്തിൽ നിന്നുതിർന്നൂ ചുടുകണ്ണീർ
----

2022-08-22----

അങ്കണ തൈമാവിൽ നിന്നാദ്യത്തെ പഴം വീഴ്കെ
അമ്മതൻ നേത്രത്തിൽ നിന്നുതിർന്നൂ ചുടുകണ്ണീർ
----

2022-08-24----

അങ്കണ തൈമാവിൽ നിന്നാദ്യത്തെ പഴം വീഴ്കെ
അമ്മതൻ നേത്രത്തിൽ നിന്നുതിർന്നൂ ചുടുകണ്ണീർ
----

2022-08-24----

അങ്കണ തൈമാവിൽ നിന്നാദ്യത്തെ പഴം വീഴ്കെ
അമ്മതൻ നേത്രത്തിൽ നിന്നുതിർന്നൂ ചുടുകണ്ണീർ
----

2022-08-24----

അങ്കണ തൈമാവിൽ നിന്നാദ്യത്തെ പഴം വീഴ്കെ
അമ്മതൻ നേത്രത്തിൽ നിന്നുതിർന്നൂ ചുടുകണ്ണീർ
----

2022-08-24----

അങ്കണ തൈമാവിൽ നിന്നാദ്യത്തെ പഴം വീഴ്കെ
അമ്മതൻ നേത്രത്തിൽ നിന്നുതിർന്നൂ ചുടുകണ്ണീർ
----

2022-08-24----

അങ്കണ തൈമാവിൽ നിന്നാദ്യത്തെ പഴം വീഴ്കെ
അമ്മതൻ നേത്രത്തിൽ നിന്നുതിർന്നൂ ചുടുകണ്ണീർ
----

2022-08-24----

അങ്കണ തൈമാവിൽ നിന്നാദ്യത്തെ പഴം വീഴ്കെ
അമ്മതൻ നേത്രത്തിൽ നിന്നുതിർന്നൂ ചുടുകണ്ണീർ
----

2022-08-24----

അങ്കണ തൈമാവിൽ നിന്നാദ്യത്തെ പഴം വീഴ്കെ
അമ്മതൻ നേത്രത്തിൽ നിന്നുതിർന്നൂ ചുടുകണ്ണീർ
----

2022-08-24----

അങ്കണ തൈമാവിൽ നിന്നാദ്യത്തെ പഴം വീഴ്കെ
അമ്മതൻ നേത്രത്തിൽ നിന്നുതിർന്നൂ ചുടുകണ്ണീർ
അങ്കണ തൈമാവിൽ നിന്നാദ്യത്തെ പഴം വീഴ്കെ
അമ്മതൻ നേത്രത്തിൽ നിന്നുതിർന്നൂ ചുടുകണ്ണീർ
അങ്കണ തൈമാവിൽ നിന്നാദ്യത്തെ പഴം വീഴ്കെ
അമ്മതൻ നേത്രത്തിൽ നിന്നുതിർന്നൂ ചുടുകണ്ണീർ
അങ്കണ തൈമാവിൽ നിന്നാദ്യത്തെ പഴം വീഴ്കെ
അമ്മതൻ നേത്രത്തിൽ നിന്നുതിർന്നൂ ചുടുകണ്ണീർ
അങ്കണ തൈമാവിൽ നിന്നാദ്യത്തെ പഴം വീഴ്കെ
അമ്മതൻ നേത്രത്തിൽ നിന്നുതിർന്നൂ ചുടുകണ്ണീർ
അങ്കണ തൈമാവിൽ നിന്നാദ്യത്തെ പഴം വീഴ്കെ
അമ്മതൻ നേത്രത്തിൽ നിന്നുതിർന്നൂ ചുടുകണ്ണീർ
അങ്കണ തൈമാവിൽ നിന്നാദ്യത്തെ പഴം വീഴ്കെ
അമ്മതൻ നേത്രത്തിൽ നിന്നുതിർന്നൂ ചുടുകണ്ണീർ
അങ്കണ തൈമാവിൽ നിന്നാദ്യത്തെ പഴം വീഴ്കെ
അമ്മതൻ നേത്രത്തിൽ നിന്നുതിർന്നൂ ചുടുകണ്ണീർ
----

2022-08-24----

അങ്കണ തൈമാവിൽ നിന്നാദ്യത്തെ പഴം വീഴ്കെ
അമ്മതൻ നേത്രത്തിൽ നിന്നുതിർന്നൂ ചുടുകണ്ണീർ
അങ്കണ തൈമാവിൽ നിന്നാദ്യത്തെ പഴം വീഴ്കെ
അമ്മതൻ നേത്രത്തിൽ നിന്നുതിർന്നൂ ചുടുകണ്ണീർ
അങ്കണ തൈമാവിൽ നിന്നാദ്യത്തെ പഴം വീഴ്കെ
അമ്മതൻ നേത്രത്തിൽ നിന്നുതിർന്നൂ ചുടുകണ്ണീർ
അങ്കണ തൈമാവിൽ നിന്നാദ്യത്തെ പഴം വീഴ്കെ
അമ്മതൻ നേത്രത്തിൽ നിന്നുതിർന്നൂ ചുടുകണ്ണീർ
അങ്കണ തൈമാവിൽ നിന്നാദ്യത്തെ പഴം വീഴ്കെ
അമ്മതൻ നേത്രത്തിൽ നിന്നുതിർന്നൂ ചുടുകണ്ണീർ
അങ്കണ തൈമാവിൽ നിന്നാദ്യത്തെ പഴം വീഴ്കെ
അമ്മതൻ നേത്രത്തിൽ നിന്നുതിർന്നൂ ചുടുകണ്ണീർ
അങ്കണ തൈമാവിൽ നിന്നാദ്യത്തെ പഴം വീഴ്കെ
അമ്മതൻ നേത്രത്തിൽ നിന്നുതിർന്നൂ ചുടുകണ്ണീർ
അങ്കണ തൈമാവിൽ നിന്നാദ്യത്തെ പഴം വീഴ്കെ
അമ്മതൻ നേത്രത്തിൽ നിന്നുതിർന്നൂ ചുടുകണ്ണീർ
----

2022-08-24----

അങ്കണ തൈമാവിൽ നിന്നാദ്യത്തെ പഴം വീഴ്കെ
അമ്മതൻ നേത്രത്തിൽ നിന്നുതിർന്നൂ ചുടുകണ്ണീർ
അങ്കണ തൈമാവിൽ നിന്നാദ്യത്തെ പഴം വീഴ്കെ
അമ്മതൻ നേത്രത്തിൽ നിന്നുതിർന്നൂ ചുടുകണ്ണീർ
അങ്കണ തൈമാവിൽ നിന്നാദ്യത്തെ പഴം വീഴ്കെ
അമ്മതൻ നേത്രത്തിൽ നിന്നുതിർന്നൂ ചുടുകണ്ണീർ
അങ്കണ തൈമാവിൽ നിന്നാദ്യത്തെ പഴം വീഴ്കെ
അമ്മതൻ നേത്രത്തിൽ നിന്നുതിർന്നൂ ചുടുകണ്ണീർ
അങ്കണ തൈമാവിൽ നിന്നാദ്യത്തെ പഴം വീഴ്കെ
അമ്മതൻ നേത്രത്തിൽ നിന്നുതിർന്നൂ ചുടുകണ്ണീർ
അങ്കണ തൈമാവിൽ നിന്നാദ്യത്തെ പഴം വീഴ്കെ
അമ്മതൻ നേത്രത്തിൽ നിന്നുതിർന്നൂ ചുടുകണ്ണീർ
അങ്കണ തൈമാവിൽ നിന്നാദ്യത്തെ പഴം വീഴ്കെ
അമ്മതൻ നേത്രത്തിൽ നിന്നുതിർന്നൂ ചുടുകണ്ണീർ
അങ്കണ തൈമാവിൽ നിന്നാദ്യത്തെ പഴം വീഴ്കെ
അമ്മതൻ നേത്രത്തിൽ നിന്നുതിർന്നൂ ചുടുകണ്ണീർ
----

2022-08-24----

ഉദാഹരണം
----

2022-08-24----

 പട്ടിണി രണ്ടു കിടക്കുന്നേരം<br>പട്ടികളേക്കാൾ പരവശഭാവം<br>
----

2022-08-24----

 പട്ടിണി രണ്ടു കിടക്കുന്നേരം
പട്ടികളേക്കാൾ പരവശഭാവം
----

2022-08-24----

 പട്ടിണി രണ്ടു കിടക്കുന്നേരം
പട്ടികളേക്കാൾ പരവശഭാവം
----

2022-08-24----

 പട്ടിണി രണ്ടു കിടക്കുന്നേരം<br>പട്ടികളേക്കാൾ പരവശഭാവം<br>
----

2022-08-30----

അങ്കണ തൈമാവിൽ നിന്നാദ്യത്തെ പഴം വീഴ്കെ
അമ്മതൻ നേത്രത്തിൽ നിന്നുതിർന്നൂ ചുടുകണ്ണീർ
----

2022-08-30----

അങ്കണ തൈമാവിൽ നിന്നാദ്യത്തെ പഴം വീഴ്കെ
അമ്മതൻ നേത്രത്തിൽ നിന്നുതിർന്നൂ ചുടുകണ്ണീർ
----

2022-08-30----

അങ്കണ തൈമാവിൽ നിന്നാദ്യത്തെ പഴം വീഴ്കെ
അമ്മതൻ നേത്രത്തിൽ നിന്നുതിർന്നൂ ചുടുകണ്ണീർ
----

2022-08-30----

അങ്കണ തൈമാവിൽ നിന്നാദ്യത്തെ പഴം വീഴ്കെ
അമ്മതൻ നേത്രത്തിൽ നിന്നുതിർന്നൂ ചുടുകണ്ണീർ
----

2022-08-30----

അങ്കണ തൈമാവിൽ നിന്നാദ്യത്തെ പഴം വീഴ്കെ
അമ്മതൻ നേത്രത്തിൽ നിന്നുതിർന്നൂ ചുടുകണ്ണീർ
----

2022-08-30----

അങ്കണ തൈമാവിൽ നിന്നാദ്യത്തെ പഴം വീഴ്കെ
അമ്മതൻ നേത്രത്തിൽ നിന്നുതിർന്നൂ ചുടുകണ്ണീർ
----

2022-08-30----

അങ്കണ തൈമാവിൽ നിന്നാദ്യത്തെ പഴം വീഴ്കെ
അമ്മതൻ നേത്രത്തിൽ നിന്നുതിർന്നൂ ചുടുകണ്ണീർ
----

2022-08-30----

അങ്കണ തൈമാവിൽ നിന്നാദ്യത്തെ പഴം വീഴ്കെ
അമ്മതൻ നേത്രത്തിൽ നിന്നുതിർന്നൂ ചുടുകണ്ണീർ
----

2022-08-30----

അങ്കണ തൈമാവിൽ നിന്നാദ്യത്തെ പഴം വീഴ്കെ
അമ്മതൻ നേത്രത്തിൽ നിന്നുതിർന്നൂ ചുടുകണ്ണീർ
----

2022-08-30----

അങ്കണ തൈമാവിൽ നിന്നാദ്യത്തെ പഴം വീഴ്കെ
അമ്മതൻ നേത്രത്തിൽ നിന്നുതിർന്നൂ ചുടുകണ്ണീർ
----

2022-08-30----

അങ്കണ തൈമാവിൽ നിന്നാദ്യത്തെ പഴം വീഴ്കെ
അമ്മതൻ നേത്രത്തിൽ നിന്നുതിർന്നൂ ചുടുകണ്ണീർ
----

2022-08-30----

അങ്കണ തൈമാവിൽ നിന്നാദ്യത്തെ പഴം വീഴ്കെ
അമ്മതൻ നേത്രത്തിൽ നിന്നുതിർന്നൂ ചുടുകണ്ണീർ
----

2022-08-30----

അങ്കണ തൈമാവിൽ നിന്നാദ്യത്തെ പഴം വീഴ്കെ
അമ്മതൻ നേത്രത്തിൽ നിന്നുതിർന്നൂ ചുടുകണ്ണീർ
----

2022-08-30----

ഉദാഹരണം
----

2022-08-30----

 കണ്മണിയെ കാണുവാനായി കണ്‍ കൊതിച്ചുപോയി<br>കണ്ണുകളാൽ ഖൽബുകളിൽ കല്ലെറിയുന്നോളേ<br>അന്നൊരു നാളമ്പിളി മാമൻ വമ്പനായി വന്നു<br>വന്നു നിന്നെ കണ്ടതോടെ അമ്പരന്നു നിന്നു<br>
----

2022-08-30----

 കണ്മണിയെ കാണുവാനായി കണ്‍ കൊതിച്ചുപോയി
കണ്ണുകളാൽ ഖൽബുകളിൽ കല്ലെറിയുന്നോളേ
അന്നൊരു നാളമ്പിളി മാമൻ വമ്പനായി വന്നു
വന്നു നിന്നെ കണ്ടതോടെ അമ്പരന്നു നിന്നു
----

2022-08-30----

ഉദാഹരണം
----

2022-08-30----

 തമ്പുരാട്ടിചെന്താരുള്ളംകൈയു നോ/ക്കി/ടട്ടെ<br>എമ്പുരാനെക്കൂപ്പി നേരു സർവ്വമോ/തീ/ടട്ടെ:<br>ഏറെനാളായ് തമ്പുരാട്ടിക്കുള്ളിലുള്ള /താ/പം<br>തീരുമാറായ് സൗഖ്യമാർന്നു വാഴുമാറാ/യ്/ത്തീരും<br>ആയതിന്നു മുമ്പിലെന്നാലൊട്ടപായ/മെ/ല്ലാം<br>മായമെന്ന്യേ കാണ്മതുണ്ടിക്കൈയിലിക്കു/റ/ത്തി<br>
----

2022-08-30----

ഉദാഹരണം
----

2022-08-30----

 തമ്പുരാട്ടിചെന്താരുള്ളംകൈയു നോ/ക്കി/ടട്ടെ
എമ്പുരാനെക്കൂപ്പി നേരു സർവ്വമോ/തീ/ടട്ടെ:
ഏറെനാളായ് തമ്പുരാട്ടിക്കുള്ളിലുള്ള /താ/പം
തീരുമാറായ് സൗഖ്യമാർന്നു വാഴുമാറാ/യ്/ത്തീരും
ആയതിന്നു മുമ്പിലെന്നാലൊട്ടപായ/മെ/ല്ലാം
മായമെന്ന്യേ കാണ്മതുണ്ടിക്കൈയിലിക്കു/റ/ത്തി
----

2022-08-30----

ഉദാഹരണം
----

2022-08-30----

 മുദാകരാത്ത മോദകം സദാവിമുക്തിസാധകം<br>കലാധരാവദംസകം വിലാസി ലോക രക്ഷകം<br>
----

2022-08-30----

 മുദാകരാത്ത മോദകം സദാവിമുക്തിസാധകം
കലാധരാവദംസകം വിലാസി ലോക രക്ഷകം
----

2022-08-30----

ഉദാഹരണം
----

2022-08-30----

 വില്ലണിഞ്ഞെത്തി കാട്ടാളവേഷത്തിലായ്<br>വല്ലഭന്നൊത്തു കാട്ടാറുകൾ താണ്ടിയും<br>പാർത്ഥഡംഭാറ്റുവാനമ്പുകൾ പൂക്കളായ്<br>തീർത്തതാമദ്രിജേ! തൃപ്പദം കുമ്പിടാം<br>
----

2022-08-30----

 വില്ലണിഞ്ഞെത്തി കാട്ടാളവേഷത്തിലായ്
വല്ലഭന്നൊത്തു കാട്ടാറുകൾ താണ്ടിയും
പാർത്ഥഡംഭാറ്റുവാനമ്പുകൾ പൂക്കളായ്
തീർത്തതാമദ്രിജേ! തൃപ്പദം കുമ്പിടാം
----

2022-08-30----

ഉദാഹരണം
----

2022-08-30----

 വർഷകാലമണഞ്ഞു കർക്കടകത്തിലേറിടുമാമയം<br>കർഷകർക്കൊരു വേല ചെയ്വതിനാവതില്ലിനി മാരിയിൽ<br>ദുർഘടങ്ങളുമേറെവന്നു ഭവിച്ചിടുന്നൊരു കാലമായ്<br>സങ്കടങ്ങളകറ്റുവാൻ രഘുരാമമന്ത്രമൊരാശ്രയം
----

2022-08-30----

 വർഷകാലമണഞ്ഞു കർക്കടകത്തിലേറിടുമാമയം
കർഷകർക്കൊരു വേല ചെയ്വതിനാവതില്ലിനി മാരിയിൽ
ദുർഘടങ്ങളുമേറെവന്നു ഭവിച്ചിടുന്നൊരു കാലമായ്
സങ്കടങ്ങളകറ്റുവാൻ രഘുരാമമന്ത്രമൊരാശ്രയം
----

2022-08-30----

ഉദാഹരണം
----

2022-08-30----

 നിനയ്ക്കുമ്പൊഴെല്ലാമടുത്തെത്തുമല്ലോ<br>മനക്കണ്ണിലാനന്ദബാഷ്പം നിറയ്ക്കും<br>കനക്കേടു മാറ്റാനെനിക്കാശ്രയം നീ<br>മനസ്സിൽ നമിപ്പൂ മുകുന്ദാ! മുരാരേ!<br>
----

2022-08-30----

 നിനയ്ക്കുമ്പൊഴെല്ലാമടുത്തെത്തുമല്ലോ
മനക്കണ്ണിലാനന്ദബാഷ്പം നിറയ്ക്കും
കനക്കേടു മാറ്റാനെനിക്കാശ്രയം നീ
മനസ്സിൽ നമിപ്പൂ മുകുന്ദാ! മുരാരേ!
----

2022-08-30----

ഉദാഹരണം
----

2022-08-30----

 ക്ഷീരാബ്ധീശാ! നളിനകുസുമംശംഖചക്രങ്ങളോടേ<br>പാരിൽ രക്ഷാകവചമരുളും ശേഷശായീ! തൊഴുന്നേൻ <br>ആരാധിക്കാം ഭവഭയഹരം തന്നിടുംവിശ്വരൂപം<br>സ്മേരം തൂകും കമലവദനം ശ്യാമവർണ്ണാ! നമിപ്പൂ!<br>
----

2022-08-30----

 ക്ഷീരാബ്ധീശാ! നളിനകുസുമംശംഖചക്രങ്ങളോടേ
പാരിൽ രക്ഷാകവചമരുളും ശേഷശായീ! തൊഴുന്നേൻ
ആരാധിക്കാം ഭവഭയഹരം തന്നിടുംവിശ്വരൂപം
സ്മേരം തൂകും കമലവദനം ശ്യാമവർണ്ണാ! നമിപ്പൂ!
----

2022-08-30----

ഉദാഹരണം
----

2022-08-30----

 രാ മായാനനിശം ഗുണപ്രദമതാമദ്ധ്യാത്മരാമായണം<br>സമ്മോദം രഘുരാമചന്ദ്രചരിതം കേൾക്കേണമാദ്യന്തവും<br>ഓമൽപ്പൈങ്കിളിയാളൊഴുക്കിയസുധാവേദാന്തസാരത്തിനാൽ<br>ഹോമിക്കാമിഹപാപപങ്കമഖിലം ശ്രീ രാമദേവോ നമഃ!<br>
----

2022-08-30----

 രാ മായാനനിശം ഗുണപ്രദമതാമദ്ധ്യാത്മരാമായണം
സമ്മോദം രഘുരാമചന്ദ്രചരിതം കേൾക്കേണമാദ്യന്തവും
ഓമൽപ്പൈങ്കിളിയാളൊഴുക്കിയസുധാവേദാന്തസാരത്തിനാൽ
ഹോമിക്കാമിഹപാപപങ്കമഖിലം ശ്രീ രാമദേവോ നമഃ!
----

2022-08-30----

ഉദാഹരണം
----

2022-08-30----

 മാവേലി നാടു വാണീടും കാലം<br>മാനുഷരെല്ലാരുമൊന്നു പോലെ<br>
----

2022-08-30----

 മാവേലി നാടു വാണീടും കാലം
മാനുഷരെല്ലാരുമൊന്നു പോലെ
----

2022-08-30----

 മാവേലി നാടു വാണീടും കാലം
മാനുഷരെല്ലാരുമൊന്നു പോലെ
----

2022-08-30----

 മാവേലി നാടു വാണീടും കാലം
മാനുഷരെല്ലാരുമൊന്നു പോലെ
----

2022-08-30----

അങ്കണ തൈമാവിൽ നിന്നാദ്യത്തെ പഴം വീഴ്കെ
അമ്മതൻ നേത്രത്തിൽ നിന്നുതിർന്നൂ ചുടുകണ്ണീർ
----

2022-08-30----

അങ്കണ തൈമാവിൽ നിന്നാദ്യത്തെ പഴം വീഴ്കെ
അമ്മതൻ നേത്രത്തിൽ നിന്നുതിർന്നൂ ചുടുകണ്ണീർ
----

2022-08-30----

അങ്കണ തൈമാവിൽ നിന്നാദ്യത്തെ പഴം വീഴ്കെ
അമ്മതൻ നേത്രത്തിൽ നിന്നുതിർന്നൂ ചുടുകണ്ണീർ
----

2022-08-30----

അങ്കണ തൈമാവിൽ നിന്നാദ്യത്തെ പഴം വീഴ്കെ
അമ്മതൻ നേത്രത്തിൽ നിന്നുതിർന്നൂ ചുടുകണ്ണീർ
----

2022-08-30----

അങ്കണ തൈമാവിൽ നിന്നാദ്യത്തെ പഴം വീഴ്കെ
അമ്മതൻ നേത്രത്തിൽ നിന്നുതിർന്നൂ ചുടുകണ്ണീർ
----

2022-08-30----

അങ്കണ തൈമാവിൽ നിന്നാദ്യത്തെ പഴം വീഴ്കെ
അമ്മതൻ നേത്രത്തിൽ നിന്നുതിർന്നൂ ചുടുകണ്ണീർ
----

2022-08-30----

അങ്കണ തൈമാവിൽ നിന്നാദ്യത്തെ പഴം വീഴ്കെ
അമ്മതൻ നേത്രത്തിൽ നിന്നുതിർന്നൂ ചുടുകണ്ണീർ
----

2022-08-30----

അങ്കണ തൈമാവിൽ നിന്നാദ്യത്തെ പഴം വീഴ്കെ
അമ്മതൻ നേത്രത്തിൽ നിന്നുതിർന്നൂ ചുടുകണ്ണീർ
----

2022-08-30----

അങ്കണ തൈമാവിൽ നിന്നാദ്യത്തെ പഴം വീഴ്കെ
അമ്മതൻ നേത്രത്തിൽ നിന്നുതിർന്നൂ ചുടുകണ്ണീർ
----

2022-08-30----

അങ്കണ തൈമാവിൽ നിന്നാദ്യത്തെ പഴം വീഴ്കെ
അമ്മതൻ നേത്രത്തിൽ നിന്നുതിർന്നൂ ചുടുകണ്ണീർ
----

2022-08-30----

അങ്കണ തൈമാവിൽ നിന്നാദ്യത്തെ പഴം വീഴ്കെ
അമ്മതൻ നേത്രത്തിൽ നിന്നുതിർന്നൂ ചുടുകണ്ണീർ
----

2022-08-30----

അങ്കണ തൈമാവിൽ നിന്നാദ്യത്തെ പഴം വീഴ്കെ
അമ്മതൻ നേത്രത്തിൽ നിന്നുതിർന്നൂ ചുടുകണ്ണീർ
----

2022-08-30----

അങ്കണ തൈമാവിൽ നിന്നാദ്യത്തെ പഴം വീഴ്കെ
അമ്മതൻ നേത്രത്തിൽ നിന്നുതിർന്നൂ ചുടുകണ്ണീർ
----

2022-08-30----

അങ്കണ തൈമാവിൽ നിന്നാദ്യത്തെ പഴം വീഴ്കെ
അമ്മതൻ നേത്രത്തിൽ നിന്നുതിർന്നൂ ചുടുകണ്ണീർ
----

2022-08-30----

അങ്കണ തൈമാവിൽ നിന്നാദ്യത്തെ പഴം വീഴ്കെ
അമ്മതൻ നേത്രത്തിൽ നിന്നുതിർന്നൂ ചുടുകണ്ണീർ
----

2022-08-30----

അങ്കണ തൈമാവിൽ നിന്നാദ്യത്തെ പഴം വീഴ്കെ
അമ്മതൻ നേത്രത്തിൽ നിന്നുതിർന്നൂ ചുടുകണ്ണീർ
----

2022-08-30----

അങ്കണ തൈമാവിൽ നിന്നാദ്യത്തെ പഴം വീഴ്കെ
അമ്മതൻ നേത്രത്തിൽ നിന്നുതിർന്നൂ ചുടുകണ്ണീർ
----

2022-08-30----

അങ്കണ തൈമാവിൽ നിന്നാദ്യത്തെ പഴം വീഴ്കെ
അമ്മതൻ നേത്രത്തിൽ നിന്നുതിർന്നൂ ചുടുകണ്ണീർ
----

2022-08-30----

അങ്കണ തൈമാവിൽ നിന്നാദ്യത്തെ പഴം വീഴ്കെ
അമ്മതൻ നേത്രത്തിൽ നിന്നുതിർന്നൂ ചുടുകണ്ണീർ
----

2022-08-30----

അങ്കണ തൈമാവിൽ നിന്നാദ്യത്തെ പഴം വീഴ്കെ
അമ്മതൻ നേത്രത്തിൽ നിന്നുതിർന്നൂ ചുടുകണ്ണീർ
----

2022-08-30----

അങ്കണ തൈമാവിൽ നിന്നാദ്യത്തെ പഴം വീഴ്കെ
അമ്മതൻ നേത്രത്തിൽ നിന്നുതിർന്നൂ ചുടുകണ്ണീർ
----

2022-08-30----

അങ്കണ തൈമാവിൽ നിന്നാദ്യത്തെ പഴം വീഴ്കെ
അമ്മതൻ നേത്രത്തിൽ നിന്നുതിർന്നൂ ചുടുകണ്ണീർ
----

2022-08-30----

അങ്കണ തൈമാവിൽ നിന്നാദ്യത്തെ പഴം വീഴ്കെ
അമ്മതൻ നേത്രത്തിൽ നിന്നുതിർന്നൂ ചുടുകണ്ണീർ
----

2022-08-30----

അങ്കണ തൈമാവിൽ നിന്നാദ്യത്തെ പഴം വീഴ്കെ
അമ്മതൻ നേത്രത്തിൽ നിന്നുതിർന്നൂ ചുടുകണ്ണീർ
----

2022-08-30----

അങ്കണ തൈമാവിൽ നിന്നാദ്യത്തെ പഴം വീഴ്കെ
അമ്മതൻ നേത്രത്തിൽ നിന്നുതിർന്നൂ ചുടുകണ്ണീർ
----

2022-08-30----

അങ്കണ തൈമാവിൽ നിന്നാദ്യത്തെ പഴം വീഴ്കെ
അമ്മതൻ നേത്രത്തിൽ നിന്നുതിർന്നൂ ചുടുകണ്ണീർ
----

2022-08-30----

അങ്കണ തൈമാവിൽ നിന്നാദ്യത്തെ പഴം വീഴ്കെ
അമ്മതൻ നേത്രത്തിൽ നിന്നുതിർന്നൂ ചുടുകണ്ണീർ
----

2022-08-30----

അങ്കണ തൈമാവിൽ നിന്നാദ്യത്തെ പഴം വീഴ്കെ
അമ്മതൻ നേത്രത്തിൽ നിന്നുതിർന്നൂ ചുടുകണ്ണീർ
----

2022-08-30----

അങ്കണ തൈമാവിൽ നിന്നാദ്യത്തെ പഴം വീഴ്കെ
അമ്മതൻ നേത്രത്തിൽ നിന്നുതിർന്നൂ ചുടുകണ്ണീർ
----

2022-08-31----

ഉദാഹരണം
----

